ARM GAS  C:\Users\sammy\AppData\Local\Temp\ccizGcyb.s 			page 1


   1              		.cpu cortex-m4
   2              		.arch armv7e-m
   3              		.fpu fpv4-sp-d16
   4              		.eabi_attribute 27, 1
   5              		.eabi_attribute 28, 1
   6              		.eabi_attribute 20, 1
   7              		.eabi_attribute 21, 1
   8              		.eabi_attribute 23, 3
   9              		.eabi_attribute 24, 1
  10              		.eabi_attribute 25, 1
  11              		.eabi_attribute 26, 1
  12              		.eabi_attribute 30, 1
  13              		.eabi_attribute 34, 1
  14              		.eabi_attribute 18, 4
  15              		.file	"main.c"
  16              		.text
  17              	.Ltext0:
  18              		.cfi_sections	.debug_frame
  19              		.file 1 "Core/Src/main.c"
  20              		.section	.text.MX_GPIO_Init,"ax",%progbits
  21              		.align	1
  22              		.syntax unified
  23              		.thumb
  24              		.thumb_func
  26              	MX_GPIO_Init:
  27              	.LFB233:
   1:Core/Src/main.c **** /* USER CODE BEGIN Header */
   2:Core/Src/main.c **** /**
   3:Core/Src/main.c ****   ******************************************************************************
   4:Core/Src/main.c ****   * @file           : main.c
   5:Core/Src/main.c ****   * @brief          : Main program body
   6:Core/Src/main.c ****   ******************************************************************************
   7:Core/Src/main.c ****   * @attention
   8:Core/Src/main.c ****   *
   9:Core/Src/main.c ****   * Copyright (c) 2026 STMicroelectronics.
  10:Core/Src/main.c ****   * All rights reserved.
  11:Core/Src/main.c ****   *
  12:Core/Src/main.c ****   * This software is licensed under terms that can be found in the LICENSE file
  13:Core/Src/main.c ****   * in the root directory of this software component.
  14:Core/Src/main.c ****   * If no LICENSE file comes with this software, it is provided AS-IS.
  15:Core/Src/main.c ****   *
  16:Core/Src/main.c ****   ******************************************************************************
  17:Core/Src/main.c ****   */
  18:Core/Src/main.c **** 
  19:Core/Src/main.c **** /* USER CODE END Header */
  20:Core/Src/main.c **** /* Includes ------------------------------------------------------------------*/
  21:Core/Src/main.c **** #include "main.h"
  22:Core/Src/main.c **** 
  23:Core/Src/main.c **** /* Private includes ----------------------------------------------------------*/
  24:Core/Src/main.c **** /* USER CODE BEGIN Includes */
  25:Core/Src/main.c **** 
  26:Core/Src/main.c **** /* USER CODE END Includes */
  27:Core/Src/main.c **** 
  28:Core/Src/main.c **** /* Private typedef -----------------------------------------------------------*/
  29:Core/Src/main.c **** /* USER CODE BEGIN PTD */
  30:Core/Src/main.c **** 
  31:Core/Src/main.c **** /* USER CODE END PTD */
ARM GAS  C:\Users\sammy\AppData\Local\Temp\ccizGcyb.s 			page 2


  32:Core/Src/main.c **** 
  33:Core/Src/main.c **** /* Private define ------------------------------------------------------------*/
  34:Core/Src/main.c **** /* USER CODE BEGIN PD */
  35:Core/Src/main.c **** 
  36:Core/Src/main.c **** /* USER CODE END PD */
  37:Core/Src/main.c **** 
  38:Core/Src/main.c **** /* Private macro -------------------------------------------------------------*/
  39:Core/Src/main.c **** /* USER CODE BEGIN PM */
  40:Core/Src/main.c **** #define SaturaLH(N, L, H) (((N)<(L))?(L):(((N)>(H))?(H):(N)))
  41:Core/Src/main.c **** /* USER CODE END PM */
  42:Core/Src/main.c **** 
  43:Core/Src/main.c **** /* Private variables ---------------------------------------------------------*/
  44:Core/Src/main.c **** DFSDM_Filter_HandleTypeDef hdfsdm1_filter0;
  45:Core/Src/main.c **** DFSDM_Channel_HandleTypeDef hdfsdm1_channel2;
  46:Core/Src/main.c **** DMA_HandleTypeDef hdma_dfsdm1_flt0;
  47:Core/Src/main.c **** 
  48:Core/Src/main.c **** UART_HandleTypeDef huart3;
  49:Core/Src/main.c **** DMA_HandleTypeDef hdma_usart3_tx;
  50:Core/Src/main.c **** 
  51:Core/Src/main.c **** /* USER CODE BEGIN PV */
  52:Core/Src/main.c **** 
  53:Core/Src/main.c **** /* USER CODE END PV */
  54:Core/Src/main.c **** 
  55:Core/Src/main.c **** /* Private function prototypes -----------------------------------------------*/
  56:Core/Src/main.c **** void SystemClock_Config(void);
  57:Core/Src/main.c **** static void MX_GPIO_Init(void);
  58:Core/Src/main.c **** static void MX_DMA_Init(void);
  59:Core/Src/main.c **** static void MX_DFSDM1_Init(void);
  60:Core/Src/main.c **** static void MX_USART3_UART_Init(void);
  61:Core/Src/main.c **** /* USER CODE BEGIN PFP */
  62:Core/Src/main.c **** uint32_t DmaRecHalfBuffCplt = 0;
  63:Core/Src/main.c **** uint32_t DmaRecBuffCplt      = 0;
  64:Core/Src/main.c **** /* USER CODE END PFP */
  65:Core/Src/main.c **** 
  66:Core/Src/main.c **** /* Private user code ---------------------------------------------------------*/
  67:Core/Src/main.c **** /* USER CODE BEGIN 0 */
  68:Core/Src/main.c **** int32_t RecBuff[2048];
  69:Core/Src/main.c **** /* USER CODE END 0 */
  70:Core/Src/main.c **** 
  71:Core/Src/main.c **** /**
  72:Core/Src/main.c ****   * @brief  The application entry point.
  73:Core/Src/main.c ****   * @retval int
  74:Core/Src/main.c ****   */
  75:Core/Src/main.c **** int main(void)
  76:Core/Src/main.c **** {
  77:Core/Src/main.c **** 
  78:Core/Src/main.c ****   /* USER CODE BEGIN 1 */
  79:Core/Src/main.c ****   // uint32_t i;
  80:Core/Src/main.c **** 
  81:Core/Src/main.c ****   /* USER CODE END 1 */
  82:Core/Src/main.c **** 
  83:Core/Src/main.c ****   /* MCU Configuration--------------------------------------------------------*/
  84:Core/Src/main.c **** 
  85:Core/Src/main.c ****   /* Reset of all peripherals, Initializes the Flash interface and the Systick. */
  86:Core/Src/main.c ****   HAL_Init();
  87:Core/Src/main.c **** 
  88:Core/Src/main.c ****   /* USER CODE BEGIN Init */
ARM GAS  C:\Users\sammy\AppData\Local\Temp\ccizGcyb.s 			page 3


  89:Core/Src/main.c **** 
  90:Core/Src/main.c ****   /* USER CODE END Init */
  91:Core/Src/main.c **** 
  92:Core/Src/main.c ****   /* Configure the system clock */
  93:Core/Src/main.c ****   SystemClock_Config();
  94:Core/Src/main.c **** 
  95:Core/Src/main.c ****   /* USER CODE BEGIN SysInit */
  96:Core/Src/main.c ****   /* USER CODE END SysInit */
  97:Core/Src/main.c **** 
  98:Core/Src/main.c ****   /* Initialize all configured peripherals */
  99:Core/Src/main.c ****   MX_GPIO_Init();
 100:Core/Src/main.c ****   MX_DMA_Init();
 101:Core/Src/main.c ****   MX_DFSDM1_Init();
 102:Core/Src/main.c ****   MX_USART3_UART_Init();
 103:Core/Src/main.c ****   /* USER CODE BEGIN 2 */
 104:Core/Src/main.c ****   HAL_GPIO_TogglePin(GPIOB, GPIO_PIN_14);
 105:Core/Src/main.c ****   HAL_Delay(50);  // 50 ms delay
 106:Core/Src/main.c ****   if (HAL_DFSDM_FilterRegularStart_DMA(&hdfsdm1_filter0, RecBuff, 2048) != HAL_OK)
 107:Core/Src/main.c ****   {
 108:Core/Src/main.c ****     Error_Handler();
 109:Core/Src/main.c ****   }
 110:Core/Src/main.c ****   /* USER CODE END 2 */
 111:Core/Src/main.c **** 
 112:Core/Src/main.c ****   /* Infinite loop */
 113:Core/Src/main.c ****   /* USER CODE BEGIN WHILE */
 114:Core/Src/main.c ****   while (1)
 115:Core/Src/main.c ****   {
 116:Core/Src/main.c ****     /* USER CODE END WHILE */
 117:Core/Src/main.c **** 
 118:Core/Src/main.c ****     /* USER CODE BEGIN 3 */
 119:Core/Src/main.c ****   /* USER CODE END 3 */
 120:Core/Src/main.c ****   }
 121:Core/Src/main.c **** }
 122:Core/Src/main.c **** 
 123:Core/Src/main.c **** /**
 124:Core/Src/main.c ****   * @brief System Clock Configuration
 125:Core/Src/main.c ****   * @retval None
 126:Core/Src/main.c ****   */
 127:Core/Src/main.c **** void SystemClock_Config(void)
 128:Core/Src/main.c **** {
 129:Core/Src/main.c ****   RCC_OscInitTypeDef RCC_OscInitStruct = {0};
 130:Core/Src/main.c ****   RCC_ClkInitTypeDef RCC_ClkInitStruct = {0};
 131:Core/Src/main.c **** 
 132:Core/Src/main.c ****   /** Configure the main internal regulator output voltage
 133:Core/Src/main.c ****   */
 134:Core/Src/main.c ****   if (HAL_PWREx_ControlVoltageScaling(PWR_REGULATOR_VOLTAGE_SCALE1) != HAL_OK)
 135:Core/Src/main.c ****   {
 136:Core/Src/main.c ****     Error_Handler();
 137:Core/Src/main.c ****   }
 138:Core/Src/main.c **** 
 139:Core/Src/main.c ****   /** Initializes the RCC Oscillators according to the specified parameters
 140:Core/Src/main.c ****   * in the RCC_OscInitTypeDef structure.
 141:Core/Src/main.c ****   */
 142:Core/Src/main.c ****   RCC_OscInitStruct.OscillatorType = RCC_OSCILLATORTYPE_MSI;
 143:Core/Src/main.c ****   RCC_OscInitStruct.MSIState = RCC_MSI_ON;
 144:Core/Src/main.c ****   RCC_OscInitStruct.MSICalibrationValue = 0;
 145:Core/Src/main.c ****   RCC_OscInitStruct.MSIClockRange = RCC_MSIRANGE_6;
ARM GAS  C:\Users\sammy\AppData\Local\Temp\ccizGcyb.s 			page 4


 146:Core/Src/main.c ****   RCC_OscInitStruct.PLL.PLLState = RCC_PLL_ON;
 147:Core/Src/main.c ****   RCC_OscInitStruct.PLL.PLLSource = RCC_PLLSOURCE_MSI;
 148:Core/Src/main.c ****   RCC_OscInitStruct.PLL.PLLM = 1;
 149:Core/Src/main.c ****   RCC_OscInitStruct.PLL.PLLN = 40;
 150:Core/Src/main.c ****   RCC_OscInitStruct.PLL.PLLP = RCC_PLLP_DIV7;
 151:Core/Src/main.c ****   RCC_OscInitStruct.PLL.PLLQ = RCC_PLLQ_DIV2;
 152:Core/Src/main.c ****   RCC_OscInitStruct.PLL.PLLR = RCC_PLLR_DIV2;
 153:Core/Src/main.c ****   if (HAL_RCC_OscConfig(&RCC_OscInitStruct) != HAL_OK)
 154:Core/Src/main.c ****   {
 155:Core/Src/main.c ****     Error_Handler();
 156:Core/Src/main.c ****   }
 157:Core/Src/main.c **** 
 158:Core/Src/main.c ****   /** Initializes the CPU, AHB and APB buses clocks
 159:Core/Src/main.c ****   */
 160:Core/Src/main.c ****   RCC_ClkInitStruct.ClockType = RCC_CLOCKTYPE_HCLK|RCC_CLOCKTYPE_SYSCLK
 161:Core/Src/main.c ****                               |RCC_CLOCKTYPE_PCLK1|RCC_CLOCKTYPE_PCLK2;
 162:Core/Src/main.c ****   RCC_ClkInitStruct.SYSCLKSource = RCC_SYSCLKSOURCE_PLLCLK;
 163:Core/Src/main.c ****   RCC_ClkInitStruct.AHBCLKDivider = RCC_SYSCLK_DIV1;
 164:Core/Src/main.c ****   RCC_ClkInitStruct.APB1CLKDivider = RCC_HCLK_DIV1;
 165:Core/Src/main.c ****   RCC_ClkInitStruct.APB2CLKDivider = RCC_HCLK_DIV1;
 166:Core/Src/main.c **** 
 167:Core/Src/main.c ****   if (HAL_RCC_ClockConfig(&RCC_ClkInitStruct, FLASH_LATENCY_4) != HAL_OK)
 168:Core/Src/main.c ****   {
 169:Core/Src/main.c ****     Error_Handler();
 170:Core/Src/main.c ****   }
 171:Core/Src/main.c **** }
 172:Core/Src/main.c **** 
 173:Core/Src/main.c **** /**
 174:Core/Src/main.c ****   * @brief DFSDM1 Initialization Function
 175:Core/Src/main.c ****   * @param None
 176:Core/Src/main.c ****   * @retval None
 177:Core/Src/main.c ****   */
 178:Core/Src/main.c **** static void MX_DFSDM1_Init(void)
 179:Core/Src/main.c **** {
 180:Core/Src/main.c **** 
 181:Core/Src/main.c ****   /* USER CODE BEGIN DFSDM1_Init 0 */
 182:Core/Src/main.c **** 
 183:Core/Src/main.c ****   /* USER CODE END DFSDM1_Init 0 */
 184:Core/Src/main.c **** 
 185:Core/Src/main.c ****   /* USER CODE BEGIN DFSDM1_Init 1 */
 186:Core/Src/main.c **** 
 187:Core/Src/main.c ****   /* USER CODE END DFSDM1_Init 1 */
 188:Core/Src/main.c ****   hdfsdm1_filter0.Instance = DFSDM1_Filter0;
 189:Core/Src/main.c ****   hdfsdm1_filter0.Init.RegularParam.Trigger = DFSDM_FILTER_SW_TRIGGER;
 190:Core/Src/main.c ****   hdfsdm1_filter0.Init.RegularParam.FastMode = ENABLE;
 191:Core/Src/main.c ****   hdfsdm1_filter0.Init.RegularParam.DmaMode = ENABLE;
 192:Core/Src/main.c ****   hdfsdm1_filter0.Init.FilterParam.SincOrder = DFSDM_FILTER_FASTSINC_ORDER;
 193:Core/Src/main.c ****   hdfsdm1_filter0.Init.FilterParam.Oversampling = 200;
 194:Core/Src/main.c ****   hdfsdm1_filter0.Init.FilterParam.IntOversampling = 1;
 195:Core/Src/main.c ****   if (HAL_DFSDM_FilterInit(&hdfsdm1_filter0) != HAL_OK)
 196:Core/Src/main.c ****   {
 197:Core/Src/main.c ****     Error_Handler();
 198:Core/Src/main.c ****   }
 199:Core/Src/main.c ****   hdfsdm1_channel2.Instance = DFSDM1_Channel2;
 200:Core/Src/main.c ****   hdfsdm1_channel2.Init.OutputClock.Activation = ENABLE;
 201:Core/Src/main.c ****   hdfsdm1_channel2.Init.OutputClock.Selection = DFSDM_CHANNEL_OUTPUT_CLOCK_SYSTEM;
 202:Core/Src/main.c ****   hdfsdm1_channel2.Init.OutputClock.Divider = 25;
ARM GAS  C:\Users\sammy\AppData\Local\Temp\ccizGcyb.s 			page 5


 203:Core/Src/main.c ****   hdfsdm1_channel2.Init.Input.Multiplexer = DFSDM_CHANNEL_EXTERNAL_INPUTS;
 204:Core/Src/main.c ****   hdfsdm1_channel2.Init.Input.DataPacking = DFSDM_CHANNEL_STANDARD_MODE;
 205:Core/Src/main.c ****   hdfsdm1_channel2.Init.Input.Pins = DFSDM_CHANNEL_SAME_CHANNEL_PINS;
 206:Core/Src/main.c ****   hdfsdm1_channel2.Init.SerialInterface.Type = DFSDM_CHANNEL_SPI_RISING;
 207:Core/Src/main.c ****   hdfsdm1_channel2.Init.SerialInterface.SpiClock = DFSDM_CHANNEL_SPI_CLOCK_INTERNAL;
 208:Core/Src/main.c ****   hdfsdm1_channel2.Init.Awd.FilterOrder = DFSDM_CHANNEL_FASTSINC_ORDER;
 209:Core/Src/main.c ****   hdfsdm1_channel2.Init.Awd.Oversampling = 1;
 210:Core/Src/main.c ****   hdfsdm1_channel2.Init.Offset = 0;
 211:Core/Src/main.c ****   hdfsdm1_channel2.Init.RightBitShift = 0x03;
 212:Core/Src/main.c ****   if (HAL_DFSDM_ChannelInit(&hdfsdm1_channel2) != HAL_OK)
 213:Core/Src/main.c ****   {
 214:Core/Src/main.c ****     Error_Handler();
 215:Core/Src/main.c ****   }
 216:Core/Src/main.c ****   if (HAL_DFSDM_FilterConfigRegChannel(&hdfsdm1_filter0, DFSDM_CHANNEL_2, DFSDM_CONTINUOUS_CONV_ON)
 217:Core/Src/main.c ****   {
 218:Core/Src/main.c ****     Error_Handler();
 219:Core/Src/main.c ****   }
 220:Core/Src/main.c ****   /* USER CODE BEGIN DFSDM1_Init 2 */
 221:Core/Src/main.c **** 
 222:Core/Src/main.c ****   /* USER CODE END DFSDM1_Init 2 */
 223:Core/Src/main.c **** 
 224:Core/Src/main.c **** }
 225:Core/Src/main.c **** 
 226:Core/Src/main.c **** /**
 227:Core/Src/main.c ****   * @brief USART3 Initialization Function
 228:Core/Src/main.c ****   * @param None
 229:Core/Src/main.c ****   * @retval None
 230:Core/Src/main.c ****   */
 231:Core/Src/main.c **** static void MX_USART3_UART_Init(void)
 232:Core/Src/main.c **** {
 233:Core/Src/main.c **** 
 234:Core/Src/main.c ****   /* USER CODE BEGIN USART3_Init 0 */
 235:Core/Src/main.c **** 
 236:Core/Src/main.c ****   /* USER CODE END USART3_Init 0 */
 237:Core/Src/main.c **** 
 238:Core/Src/main.c ****   /* USER CODE BEGIN USART3_Init 1 */
 239:Core/Src/main.c **** 
 240:Core/Src/main.c ****   /* USER CODE END USART3_Init 1 */
 241:Core/Src/main.c ****   huart3.Instance = USART3;
 242:Core/Src/main.c ****   huart3.Init.BaudRate = 921600;
 243:Core/Src/main.c ****   huart3.Init.WordLength = UART_WORDLENGTH_8B;
 244:Core/Src/main.c ****   huart3.Init.StopBits = UART_STOPBITS_1;
 245:Core/Src/main.c ****   huart3.Init.Parity = UART_PARITY_NONE;
 246:Core/Src/main.c ****   huart3.Init.Mode = UART_MODE_TX_RX;
 247:Core/Src/main.c ****   huart3.Init.HwFlowCtl = UART_HWCONTROL_NONE;
 248:Core/Src/main.c ****   huart3.Init.OverSampling = UART_OVERSAMPLING_16;
 249:Core/Src/main.c ****   huart3.Init.OneBitSampling = UART_ONE_BIT_SAMPLE_DISABLE;
 250:Core/Src/main.c ****   huart3.AdvancedInit.AdvFeatureInit = UART_ADVFEATURE_NO_INIT;
 251:Core/Src/main.c ****   if (HAL_UART_Init(&huart3) != HAL_OK)
 252:Core/Src/main.c ****   {
 253:Core/Src/main.c ****     Error_Handler();
 254:Core/Src/main.c ****   }
 255:Core/Src/main.c ****   /* USER CODE BEGIN USART3_Init 2 */
 256:Core/Src/main.c **** 
 257:Core/Src/main.c ****   /* USER CODE END USART3_Init 2 */
 258:Core/Src/main.c **** 
 259:Core/Src/main.c **** }
ARM GAS  C:\Users\sammy\AppData\Local\Temp\ccizGcyb.s 			page 6


 260:Core/Src/main.c **** 
 261:Core/Src/main.c **** /**
 262:Core/Src/main.c ****   * Enable DMA controller clock
 263:Core/Src/main.c ****   */
 264:Core/Src/main.c **** static void MX_DMA_Init(void)
 265:Core/Src/main.c **** {
 266:Core/Src/main.c **** 
 267:Core/Src/main.c ****   /* DMA controller clock enable */
 268:Core/Src/main.c ****   __HAL_RCC_DMA1_CLK_ENABLE();
 269:Core/Src/main.c **** 
 270:Core/Src/main.c ****   /* DMA interrupt init */
 271:Core/Src/main.c ****   /* DMA1_Channel2_IRQn interrupt configuration */
 272:Core/Src/main.c ****   HAL_NVIC_SetPriority(DMA1_Channel2_IRQn, 0, 0);
 273:Core/Src/main.c ****   HAL_NVIC_EnableIRQ(DMA1_Channel2_IRQn);
 274:Core/Src/main.c ****   /* DMA1_Channel4_IRQn interrupt configuration */
 275:Core/Src/main.c ****   HAL_NVIC_SetPriority(DMA1_Channel4_IRQn, 0, 0);
 276:Core/Src/main.c ****   HAL_NVIC_EnableIRQ(DMA1_Channel4_IRQn);
 277:Core/Src/main.c **** 
 278:Core/Src/main.c **** }
 279:Core/Src/main.c **** 
 280:Core/Src/main.c **** /**
 281:Core/Src/main.c ****   * @brief GPIO Initialization Function
 282:Core/Src/main.c ****   * @param None
 283:Core/Src/main.c ****   * @retval None
 284:Core/Src/main.c ****   */
 285:Core/Src/main.c **** static void MX_GPIO_Init(void)
 286:Core/Src/main.c **** {
  28              		.loc 1 286 1 view -0
  29              		.cfi_startproc
  30              		@ args = 0, pretend = 0, frame = 40
  31              		@ frame_needed = 0, uses_anonymous_args = 0
  32 0000 2DE9F041 		push	{r4, r5, r6, r7, r8, lr}
  33              		.cfi_def_cfa_offset 24
  34              		.cfi_offset 4, -24
  35              		.cfi_offset 5, -20
  36              		.cfi_offset 6, -16
  37              		.cfi_offset 7, -12
  38              		.cfi_offset 8, -8
  39              		.cfi_offset 14, -4
  40 0004 8AB0     		sub	sp, sp, #40
  41              		.cfi_def_cfa_offset 64
 287:Core/Src/main.c ****   GPIO_InitTypeDef GPIO_InitStruct = {0};
  42              		.loc 1 287 3 view .LVU1
  43              		.loc 1 287 20 is_stmt 0 view .LVU2
  44 0006 05AD     		add	r5, sp, #20
  45 0008 0024     		movs	r4, #0
  46 000a 0594     		str	r4, [sp, #20]
  47 000c 0694     		str	r4, [sp, #24]
  48 000e 0794     		str	r4, [sp, #28]
  49 0010 0894     		str	r4, [sp, #32]
  50 0012 0994     		str	r4, [sp, #36]
 288:Core/Src/main.c ****   /* USER CODE BEGIN MX_GPIO_Init_1 */
 289:Core/Src/main.c ****   __HAL_RCC_GPIOG_CLK_ENABLE();
  51              		.loc 1 289 3 is_stmt 1 view .LVU3
  52              	.LBB4:
  53              		.loc 1 289 3 view .LVU4
  54              		.loc 1 289 3 view .LVU5
ARM GAS  C:\Users\sammy\AppData\Local\Temp\ccizGcyb.s 			page 7


  55 0014 214B     		ldr	r3, .L3
  56 0016 DA6C     		ldr	r2, [r3, #76]
  57 0018 42F04002 		orr	r2, r2, #64
  58 001c DA64     		str	r2, [r3, #76]
  59              		.loc 1 289 3 view .LVU6
  60 001e DA6C     		ldr	r2, [r3, #76]
  61 0020 02F04002 		and	r2, r2, #64
  62 0024 0192     		str	r2, [sp, #4]
  63              		.loc 1 289 3 view .LVU7
  64 0026 019A     		ldr	r2, [sp, #4]
  65              	.LBE4:
  66              		.loc 1 289 3 view .LVU8
 290:Core/Src/main.c ****   /* USER CODE END MX_GPIO_Init_1 */
 291:Core/Src/main.c **** 
 292:Core/Src/main.c ****   /* GPIO Ports Clock Enable */
 293:Core/Src/main.c ****   __HAL_RCC_GPIOE_CLK_ENABLE();
  67              		.loc 1 293 3 view .LVU9
  68              	.LBB5:
  69              		.loc 1 293 3 view .LVU10
  70              		.loc 1 293 3 view .LVU11
  71 0028 DA6C     		ldr	r2, [r3, #76]
  72 002a 42F01002 		orr	r2, r2, #16
  73 002e DA64     		str	r2, [r3, #76]
  74              		.loc 1 293 3 view .LVU12
  75 0030 DA6C     		ldr	r2, [r3, #76]
  76 0032 02F01002 		and	r2, r2, #16
  77 0036 0292     		str	r2, [sp, #8]
  78              		.loc 1 293 3 view .LVU13
  79 0038 029A     		ldr	r2, [sp, #8]
  80              	.LBE5:
  81              		.loc 1 293 3 view .LVU14
 294:Core/Src/main.c ****   __HAL_RCC_GPIOB_CLK_ENABLE();
  82              		.loc 1 294 3 view .LVU15
  83              	.LBB6:
  84              		.loc 1 294 3 view .LVU16
  85              		.loc 1 294 3 view .LVU17
  86 003a DA6C     		ldr	r2, [r3, #76]
  87 003c 42F00202 		orr	r2, r2, #2
  88 0040 DA64     		str	r2, [r3, #76]
  89              		.loc 1 294 3 view .LVU18
  90 0042 DA6C     		ldr	r2, [r3, #76]
  91 0044 02F00202 		and	r2, r2, #2
  92 0048 0392     		str	r2, [sp, #12]
  93              		.loc 1 294 3 view .LVU19
  94 004a 039A     		ldr	r2, [sp, #12]
  95              	.LBE6:
  96              		.loc 1 294 3 view .LVU20
 295:Core/Src/main.c ****   __HAL_RCC_GPIOD_CLK_ENABLE();
  97              		.loc 1 295 3 view .LVU21
  98              	.LBB7:
  99              		.loc 1 295 3 view .LVU22
 100              		.loc 1 295 3 view .LVU23
 101 004c DA6C     		ldr	r2, [r3, #76]
 102 004e 42F00802 		orr	r2, r2, #8
 103 0052 DA64     		str	r2, [r3, #76]
 104              		.loc 1 295 3 view .LVU24
 105 0054 DB6C     		ldr	r3, [r3, #76]
ARM GAS  C:\Users\sammy\AppData\Local\Temp\ccizGcyb.s 			page 8


 106 0056 03F00803 		and	r3, r3, #8
 107 005a 0493     		str	r3, [sp, #16]
 108              		.loc 1 295 3 view .LVU25
 109 005c 049B     		ldr	r3, [sp, #16]
 110              	.LBE7:
 111              		.loc 1 295 3 view .LVU26
 296:Core/Src/main.c **** 
 297:Core/Src/main.c ****   /*Configure GPIO pin Output Level */
 298:Core/Src/main.c ****   HAL_GPIO_WritePin(GPIOB, GPIO_PIN_14, GPIO_PIN_RESET);
 112              		.loc 1 298 3 view .LVU27
 113 005e DFF84480 		ldr	r8, .L3+8
 114 0062 2246     		mov	r2, r4
 115 0064 4FF48041 		mov	r1, #16384
 116 0068 4046     		mov	r0, r8
 117 006a FFF7FEFF 		bl	HAL_GPIO_WritePin
 118              	.LVL0:
 299:Core/Src/main.c **** 
 300:Core/Src/main.c ****   /*Configure GPIO pin : PB14 */
 301:Core/Src/main.c ****   GPIO_InitStruct.Pin = GPIO_PIN_14;
 119              		.loc 1 301 3 view .LVU28
 120              		.loc 1 301 23 is_stmt 0 view .LVU29
 121 006e 4FF48047 		mov	r7, #16384
 122 0072 0597     		str	r7, [sp, #20]
 302:Core/Src/main.c ****   GPIO_InitStruct.Mode = GPIO_MODE_OUTPUT_PP;
 123              		.loc 1 302 3 is_stmt 1 view .LVU30
 124              		.loc 1 302 24 is_stmt 0 view .LVU31
 125 0074 0126     		movs	r6, #1
 126 0076 0696     		str	r6, [sp, #24]
 303:Core/Src/main.c ****   GPIO_InitStruct.Pull = GPIO_NOPULL;
 127              		.loc 1 303 3 is_stmt 1 view .LVU32
 128              		.loc 1 303 24 is_stmt 0 view .LVU33
 129 0078 0794     		str	r4, [sp, #28]
 304:Core/Src/main.c ****   GPIO_InitStruct.Speed = GPIO_SPEED_FREQ_LOW;
 130              		.loc 1 304 3 is_stmt 1 view .LVU34
 131              		.loc 1 304 25 is_stmt 0 view .LVU35
 132 007a 0894     		str	r4, [sp, #32]
 305:Core/Src/main.c ****   HAL_GPIO_Init(GPIOB, &GPIO_InitStruct);
 133              		.loc 1 305 3 is_stmt 1 view .LVU36
 134 007c 2946     		mov	r1, r5
 135 007e 4046     		mov	r0, r8
 136 0080 FFF7FEFF 		bl	HAL_GPIO_Init
 137              	.LVL1:
 306:Core/Src/main.c **** 
 307:Core/Src/main.c ****   /* USER CODE BEGIN MX_GPIO_Init_2 */
 308:Core/Src/main.c ****   /* B-L475E-IOT01A1 user LED (green) on PG14 */
 309:Core/Src/main.c ****   GPIO_InitStruct.Pin = GPIO_PIN_14;
 138              		.loc 1 309 3 view .LVU37
 139              		.loc 1 309 23 is_stmt 0 view .LVU38
 140 0084 0597     		str	r7, [sp, #20]
 310:Core/Src/main.c ****   GPIO_InitStruct.Mode = GPIO_MODE_OUTPUT_PP;
 141              		.loc 1 310 3 is_stmt 1 view .LVU39
 142              		.loc 1 310 24 is_stmt 0 view .LVU40
 143 0086 0696     		str	r6, [sp, #24]
 311:Core/Src/main.c ****   GPIO_InitStruct.Pull = GPIO_NOPULL;
 144              		.loc 1 311 3 is_stmt 1 view .LVU41
 145              		.loc 1 311 24 is_stmt 0 view .LVU42
 146 0088 0794     		str	r4, [sp, #28]
ARM GAS  C:\Users\sammy\AppData\Local\Temp\ccizGcyb.s 			page 9


 312:Core/Src/main.c ****   GPIO_InitStruct.Speed = GPIO_SPEED_FREQ_LOW;
 147              		.loc 1 312 3 is_stmt 1 view .LVU43
 148              		.loc 1 312 25 is_stmt 0 view .LVU44
 149 008a 0894     		str	r4, [sp, #32]
 313:Core/Src/main.c ****   HAL_GPIO_Init(GPIOG, &GPIO_InitStruct);
 150              		.loc 1 313 3 is_stmt 1 view .LVU45
 151 008c 2946     		mov	r1, r5
 152 008e 0448     		ldr	r0, .L3+4
 153 0090 FFF7FEFF 		bl	HAL_GPIO_Init
 154              	.LVL2:
 314:Core/Src/main.c **** 
 315:Core/Src/main.c ****   /* USER CODE BEGIN MX_GPIO_Init_2 */
 316:Core/Src/main.c **** 
 317:Core/Src/main.c ****   /* USER CODE END MX_GPIO_Init_2 */
 318:Core/Src/main.c **** }
 155              		.loc 1 318 1 is_stmt 0 view .LVU46
 156 0094 0AB0     		add	sp, sp, #40
 157              		.cfi_def_cfa_offset 24
 158              		@ sp needed
 159 0096 BDE8F081 		pop	{r4, r5, r6, r7, r8, pc}
 160              	.L4:
 161 009a 00BF     		.align	2
 162              	.L3:
 163 009c 00100240 		.word	1073876992
 164 00a0 00180048 		.word	1207965696
 165 00a4 00040048 		.word	1207960576
 166              		.cfi_endproc
 167              	.LFE233:
 169              		.section	.text.MX_DMA_Init,"ax",%progbits
 170              		.align	1
 171              		.syntax unified
 172              		.thumb
 173              		.thumb_func
 175              	MX_DMA_Init:
 176              	.LFB232:
 265:Core/Src/main.c **** 
 177              		.loc 1 265 1 is_stmt 1 view -0
 178              		.cfi_startproc
 179              		@ args = 0, pretend = 0, frame = 8
 180              		@ frame_needed = 0, uses_anonymous_args = 0
 181 0000 00B5     		push	{lr}
 182              		.cfi_def_cfa_offset 4
 183              		.cfi_offset 14, -4
 184 0002 83B0     		sub	sp, sp, #12
 185              		.cfi_def_cfa_offset 16
 268:Core/Src/main.c **** 
 186              		.loc 1 268 3 view .LVU48
 187              	.LBB8:
 268:Core/Src/main.c **** 
 188              		.loc 1 268 3 view .LVU49
 268:Core/Src/main.c **** 
 189              		.loc 1 268 3 view .LVU50
 190 0004 0E4B     		ldr	r3, .L7
 191 0006 9A6C     		ldr	r2, [r3, #72]
 192 0008 42F00102 		orr	r2, r2, #1
 193 000c 9A64     		str	r2, [r3, #72]
 268:Core/Src/main.c **** 
ARM GAS  C:\Users\sammy\AppData\Local\Temp\ccizGcyb.s 			page 10


 194              		.loc 1 268 3 view .LVU51
 195 000e 9B6C     		ldr	r3, [r3, #72]
 196 0010 03F00103 		and	r3, r3, #1
 197 0014 0193     		str	r3, [sp, #4]
 268:Core/Src/main.c **** 
 198              		.loc 1 268 3 view .LVU52
 199 0016 019B     		ldr	r3, [sp, #4]
 200              	.LBE8:
 268:Core/Src/main.c **** 
 201              		.loc 1 268 3 view .LVU53
 272:Core/Src/main.c ****   HAL_NVIC_EnableIRQ(DMA1_Channel2_IRQn);
 202              		.loc 1 272 3 view .LVU54
 203 0018 0022     		movs	r2, #0
 204 001a 1146     		mov	r1, r2
 205 001c 0C20     		movs	r0, #12
 206 001e FFF7FEFF 		bl	HAL_NVIC_SetPriority
 207              	.LVL3:
 273:Core/Src/main.c ****   /* DMA1_Channel4_IRQn interrupt configuration */
 208              		.loc 1 273 3 view .LVU55
 209 0022 0C20     		movs	r0, #12
 210 0024 FFF7FEFF 		bl	HAL_NVIC_EnableIRQ
 211              	.LVL4:
 275:Core/Src/main.c ****   HAL_NVIC_EnableIRQ(DMA1_Channel4_IRQn);
 212              		.loc 1 275 3 view .LVU56
 213 0028 0022     		movs	r2, #0
 214 002a 1146     		mov	r1, r2
 215 002c 0E20     		movs	r0, #14
 216 002e FFF7FEFF 		bl	HAL_NVIC_SetPriority
 217              	.LVL5:
 276:Core/Src/main.c **** 
 218              		.loc 1 276 3 view .LVU57
 219 0032 0E20     		movs	r0, #14
 220 0034 FFF7FEFF 		bl	HAL_NVIC_EnableIRQ
 221              	.LVL6:
 278:Core/Src/main.c **** 
 222              		.loc 1 278 1 is_stmt 0 view .LVU58
 223 0038 03B0     		add	sp, sp, #12
 224              		.cfi_def_cfa_offset 4
 225              		@ sp needed
 226 003a 5DF804FB 		ldr	pc, [sp], #4
 227              	.L8:
 228 003e 00BF     		.align	2
 229              	.L7:
 230 0040 00100240 		.word	1073876992
 231              		.cfi_endproc
 232              	.LFE232:
 234              		.section	.text.HAL_DFSDM_FilterRegConvHalfCpltCallback,"ax",%progbits
 235              		.align	1
 236              		.global	HAL_DFSDM_FilterRegConvHalfCpltCallback
 237              		.syntax unified
 238              		.thumb
 239              		.thumb_func
 241              	HAL_DFSDM_FilterRegConvHalfCpltCallback:
 242              	.LVL7:
 243              	.LFB234:
 319:Core/Src/main.c **** 
 320:Core/Src/main.c **** /* USER CODE BEGIN 4 */
ARM GAS  C:\Users\sammy\AppData\Local\Temp\ccizGcyb.s 			page 11


 321:Core/Src/main.c **** void HAL_DFSDM_FilterRegConvHalfCpltCallback(DFSDM_Filter_HandleTypeDef *hdfsdm_filter)
 322:Core/Src/main.c **** {
 244              		.loc 1 322 1 is_stmt 1 view -0
 245              		.cfi_startproc
 246              		@ args = 0, pretend = 0, frame = 0
 247              		@ frame_needed = 0, uses_anonymous_args = 0
 248              		@ link register save eliminated.
 323:Core/Src/main.c ****   (void)hdfsdm_filter;
 249              		.loc 1 323 3 view .LVU60
 324:Core/Src/main.c ****   DmaRecHalfBuffCplt = 1;
 250              		.loc 1 324 3 view .LVU61
 251              		.loc 1 324 22 is_stmt 0 view .LVU62
 252 0000 014B     		ldr	r3, .L10
 253 0002 0122     		movs	r2, #1
 254 0004 1A60     		str	r2, [r3]
 325:Core/Src/main.c **** }
 255              		.loc 1 325 1 view .LVU63
 256 0006 7047     		bx	lr
 257              	.L11:
 258              		.align	2
 259              	.L10:
 260 0008 00000000 		.word	DmaRecHalfBuffCplt
 261              		.cfi_endproc
 262              	.LFE234:
 264              		.section	.text.HAL_DFSDM_FilterRegConvCpltCallback,"ax",%progbits
 265              		.align	1
 266              		.global	HAL_DFSDM_FilterRegConvCpltCallback
 267              		.syntax unified
 268              		.thumb
 269              		.thumb_func
 271              	HAL_DFSDM_FilterRegConvCpltCallback:
 272              	.LVL8:
 273              	.LFB235:
 326:Core/Src/main.c **** 
 327:Core/Src/main.c **** void HAL_DFSDM_FilterRegConvCpltCallback(DFSDM_Filter_HandleTypeDef *hdfsdm_filter)
 328:Core/Src/main.c **** {
 274              		.loc 1 328 1 is_stmt 1 view -0
 275              		.cfi_startproc
 276              		@ args = 0, pretend = 0, frame = 0
 277              		@ frame_needed = 0, uses_anonymous_args = 0
 278              		@ link register save eliminated.
 329:Core/Src/main.c ****   (void)hdfsdm_filter;
 279              		.loc 1 329 3 view .LVU65
 330:Core/Src/main.c ****   DmaRecBuffCplt = 1;
 280              		.loc 1 330 3 view .LVU66
 281              		.loc 1 330 18 is_stmt 0 view .LVU67
 282 0000 014B     		ldr	r3, .L13
 283 0002 0122     		movs	r2, #1
 284 0004 1A60     		str	r2, [r3]
 331:Core/Src/main.c **** }
 285              		.loc 1 331 1 view .LVU68
 286 0006 7047     		bx	lr
 287              	.L14:
 288              		.align	2
 289              	.L13:
 290 0008 00000000 		.word	DmaRecBuffCplt
 291              		.cfi_endproc
ARM GAS  C:\Users\sammy\AppData\Local\Temp\ccizGcyb.s 			page 12


 292              	.LFE235:
 294              		.section	.text.Error_Handler,"ax",%progbits
 295              		.align	1
 296              		.global	Error_Handler
 297              		.syntax unified
 298              		.thumb
 299              		.thumb_func
 301              	Error_Handler:
 302              	.LFB236:
 332:Core/Src/main.c **** /* USER CODE END 4 */
 333:Core/Src/main.c **** 
 334:Core/Src/main.c **** /**
 335:Core/Src/main.c ****   * @brief  This function is executed in case of error occurrence.
 336:Core/Src/main.c ****   * @retval None
 337:Core/Src/main.c ****   */
 338:Core/Src/main.c **** void Error_Handler(void)
 339:Core/Src/main.c **** {
 303              		.loc 1 339 1 is_stmt 1 view -0
 304              		.cfi_startproc
 305              		@ Volatile: function does not return.
 306              		@ args = 0, pretend = 0, frame = 0
 307              		@ frame_needed = 0, uses_anonymous_args = 0
 308 0000 08B5     		push	{r3, lr}
 309              		.cfi_def_cfa_offset 8
 310              		.cfi_offset 3, -8
 311              		.cfi_offset 14, -4
 340:Core/Src/main.c ****   /* USER CODE BEGIN Error_Handler_Debug */
 341:Core/Src/main.c ****   /* User can add his own implementation to report the HAL error return state */
 342:Core/Src/main.c ****   __disable_irq();
 312              		.loc 1 342 3 view .LVU70
 313              	.LBB9:
 314              	.LBI9:
 315              		.file 2 "Drivers/CMSIS/Include/cmsis_gcc.h"
   1:Drivers/CMSIS/Include/cmsis_gcc.h **** /**************************************************************************//**
   2:Drivers/CMSIS/Include/cmsis_gcc.h ****  * @file     cmsis_gcc.h
   3:Drivers/CMSIS/Include/cmsis_gcc.h ****  * @brief    CMSIS compiler GCC header file
   4:Drivers/CMSIS/Include/cmsis_gcc.h ****  * @version  V5.2.0
   5:Drivers/CMSIS/Include/cmsis_gcc.h ****  * @date     08. May 2019
   6:Drivers/CMSIS/Include/cmsis_gcc.h ****  ******************************************************************************/
   7:Drivers/CMSIS/Include/cmsis_gcc.h **** /*
   8:Drivers/CMSIS/Include/cmsis_gcc.h ****  * Copyright (c) 2009-2019 Arm Limited. All rights reserved.
   9:Drivers/CMSIS/Include/cmsis_gcc.h ****  *
  10:Drivers/CMSIS/Include/cmsis_gcc.h ****  * SPDX-License-Identifier: Apache-2.0
  11:Drivers/CMSIS/Include/cmsis_gcc.h ****  *
  12:Drivers/CMSIS/Include/cmsis_gcc.h ****  * Licensed under the Apache License, Version 2.0 (the License); you may
  13:Drivers/CMSIS/Include/cmsis_gcc.h ****  * not use this file except in compliance with the License.
  14:Drivers/CMSIS/Include/cmsis_gcc.h ****  * You may obtain a copy of the License at
  15:Drivers/CMSIS/Include/cmsis_gcc.h ****  *
  16:Drivers/CMSIS/Include/cmsis_gcc.h ****  * www.apache.org/licenses/LICENSE-2.0
  17:Drivers/CMSIS/Include/cmsis_gcc.h ****  *
  18:Drivers/CMSIS/Include/cmsis_gcc.h ****  * Unless required by applicable law or agreed to in writing, software
  19:Drivers/CMSIS/Include/cmsis_gcc.h ****  * distributed under the License is distributed on an AS IS BASIS, WITHOUT
  20:Drivers/CMSIS/Include/cmsis_gcc.h ****  * WARRANTIES OR CONDITIONS OF ANY KIND, either express or implied.
  21:Drivers/CMSIS/Include/cmsis_gcc.h ****  * See the License for the specific language governing permissions and
  22:Drivers/CMSIS/Include/cmsis_gcc.h ****  * limitations under the License.
  23:Drivers/CMSIS/Include/cmsis_gcc.h ****  */
  24:Drivers/CMSIS/Include/cmsis_gcc.h **** 
ARM GAS  C:\Users\sammy\AppData\Local\Temp\ccizGcyb.s 			page 13


  25:Drivers/CMSIS/Include/cmsis_gcc.h **** #ifndef __CMSIS_GCC_H
  26:Drivers/CMSIS/Include/cmsis_gcc.h **** #define __CMSIS_GCC_H
  27:Drivers/CMSIS/Include/cmsis_gcc.h **** 
  28:Drivers/CMSIS/Include/cmsis_gcc.h **** /* ignore some GCC warnings */
  29:Drivers/CMSIS/Include/cmsis_gcc.h **** #pragma GCC diagnostic push
  30:Drivers/CMSIS/Include/cmsis_gcc.h **** #pragma GCC diagnostic ignored "-Wsign-conversion"
  31:Drivers/CMSIS/Include/cmsis_gcc.h **** #pragma GCC diagnostic ignored "-Wconversion"
  32:Drivers/CMSIS/Include/cmsis_gcc.h **** #pragma GCC diagnostic ignored "-Wunused-parameter"
  33:Drivers/CMSIS/Include/cmsis_gcc.h **** 
  34:Drivers/CMSIS/Include/cmsis_gcc.h **** /* Fallback for __has_builtin */
  35:Drivers/CMSIS/Include/cmsis_gcc.h **** #ifndef __has_builtin
  36:Drivers/CMSIS/Include/cmsis_gcc.h ****   #define __has_builtin(x) (0)
  37:Drivers/CMSIS/Include/cmsis_gcc.h **** #endif
  38:Drivers/CMSIS/Include/cmsis_gcc.h **** 
  39:Drivers/CMSIS/Include/cmsis_gcc.h **** /* CMSIS compiler specific defines */
  40:Drivers/CMSIS/Include/cmsis_gcc.h **** #ifndef   __ASM
  41:Drivers/CMSIS/Include/cmsis_gcc.h ****   #define __ASM                                  __asm
  42:Drivers/CMSIS/Include/cmsis_gcc.h **** #endif
  43:Drivers/CMSIS/Include/cmsis_gcc.h **** #ifndef   __INLINE
  44:Drivers/CMSIS/Include/cmsis_gcc.h ****   #define __INLINE                               inline
  45:Drivers/CMSIS/Include/cmsis_gcc.h **** #endif
  46:Drivers/CMSIS/Include/cmsis_gcc.h **** #ifndef   __STATIC_INLINE
  47:Drivers/CMSIS/Include/cmsis_gcc.h ****   #define __STATIC_INLINE                        static inline
  48:Drivers/CMSIS/Include/cmsis_gcc.h **** #endif
  49:Drivers/CMSIS/Include/cmsis_gcc.h **** #ifndef   __STATIC_FORCEINLINE                 
  50:Drivers/CMSIS/Include/cmsis_gcc.h ****   #define __STATIC_FORCEINLINE                   __attribute__((always_inline)) static inline
  51:Drivers/CMSIS/Include/cmsis_gcc.h **** #endif                                           
  52:Drivers/CMSIS/Include/cmsis_gcc.h **** #ifndef   __NO_RETURN
  53:Drivers/CMSIS/Include/cmsis_gcc.h ****   #define __NO_RETURN                            __attribute__((__noreturn__))
  54:Drivers/CMSIS/Include/cmsis_gcc.h **** #endif
  55:Drivers/CMSIS/Include/cmsis_gcc.h **** #ifndef   __USED
  56:Drivers/CMSIS/Include/cmsis_gcc.h ****   #define __USED                                 __attribute__((used))
  57:Drivers/CMSIS/Include/cmsis_gcc.h **** #endif
  58:Drivers/CMSIS/Include/cmsis_gcc.h **** #ifndef   __WEAK
  59:Drivers/CMSIS/Include/cmsis_gcc.h ****   #define __WEAK                                 __attribute__((weak))
  60:Drivers/CMSIS/Include/cmsis_gcc.h **** #endif
  61:Drivers/CMSIS/Include/cmsis_gcc.h **** #ifndef   __PACKED
  62:Drivers/CMSIS/Include/cmsis_gcc.h ****   #define __PACKED                               __attribute__((packed, aligned(1)))
  63:Drivers/CMSIS/Include/cmsis_gcc.h **** #endif
  64:Drivers/CMSIS/Include/cmsis_gcc.h **** #ifndef   __PACKED_STRUCT
  65:Drivers/CMSIS/Include/cmsis_gcc.h ****   #define __PACKED_STRUCT                        struct __attribute__((packed, aligned(1)))
  66:Drivers/CMSIS/Include/cmsis_gcc.h **** #endif
  67:Drivers/CMSIS/Include/cmsis_gcc.h **** #ifndef   __PACKED_UNION
  68:Drivers/CMSIS/Include/cmsis_gcc.h ****   #define __PACKED_UNION                         union __attribute__((packed, aligned(1)))
  69:Drivers/CMSIS/Include/cmsis_gcc.h **** #endif
  70:Drivers/CMSIS/Include/cmsis_gcc.h **** #ifndef   __UNALIGNED_UINT32        /* deprecated */
  71:Drivers/CMSIS/Include/cmsis_gcc.h ****   #pragma GCC diagnostic push
  72:Drivers/CMSIS/Include/cmsis_gcc.h ****   #pragma GCC diagnostic ignored "-Wpacked"
  73:Drivers/CMSIS/Include/cmsis_gcc.h ****   #pragma GCC diagnostic ignored "-Wattributes"
  74:Drivers/CMSIS/Include/cmsis_gcc.h ****   struct __attribute__((packed)) T_UINT32 { uint32_t v; };
  75:Drivers/CMSIS/Include/cmsis_gcc.h ****   #pragma GCC diagnostic pop
  76:Drivers/CMSIS/Include/cmsis_gcc.h ****   #define __UNALIGNED_UINT32(x)                  (((struct T_UINT32 *)(x))->v)
  77:Drivers/CMSIS/Include/cmsis_gcc.h **** #endif
  78:Drivers/CMSIS/Include/cmsis_gcc.h **** #ifndef   __UNALIGNED_UINT16_WRITE
  79:Drivers/CMSIS/Include/cmsis_gcc.h ****   #pragma GCC diagnostic push
  80:Drivers/CMSIS/Include/cmsis_gcc.h ****   #pragma GCC diagnostic ignored "-Wpacked"
  81:Drivers/CMSIS/Include/cmsis_gcc.h ****   #pragma GCC diagnostic ignored "-Wattributes"
ARM GAS  C:\Users\sammy\AppData\Local\Temp\ccizGcyb.s 			page 14


  82:Drivers/CMSIS/Include/cmsis_gcc.h ****   __PACKED_STRUCT T_UINT16_WRITE { uint16_t v; };
  83:Drivers/CMSIS/Include/cmsis_gcc.h ****   #pragma GCC diagnostic pop
  84:Drivers/CMSIS/Include/cmsis_gcc.h ****   #define __UNALIGNED_UINT16_WRITE(addr, val)    (void)((((struct T_UINT16_WRITE *)(void *)(addr))-
  85:Drivers/CMSIS/Include/cmsis_gcc.h **** #endif
  86:Drivers/CMSIS/Include/cmsis_gcc.h **** #ifndef   __UNALIGNED_UINT16_READ
  87:Drivers/CMSIS/Include/cmsis_gcc.h ****   #pragma GCC diagnostic push
  88:Drivers/CMSIS/Include/cmsis_gcc.h ****   #pragma GCC diagnostic ignored "-Wpacked"
  89:Drivers/CMSIS/Include/cmsis_gcc.h ****   #pragma GCC diagnostic ignored "-Wattributes"
  90:Drivers/CMSIS/Include/cmsis_gcc.h ****   __PACKED_STRUCT T_UINT16_READ { uint16_t v; };
  91:Drivers/CMSIS/Include/cmsis_gcc.h ****   #pragma GCC diagnostic pop
  92:Drivers/CMSIS/Include/cmsis_gcc.h ****   #define __UNALIGNED_UINT16_READ(addr)          (((const struct T_UINT16_READ *)(const void *)(add
  93:Drivers/CMSIS/Include/cmsis_gcc.h **** #endif
  94:Drivers/CMSIS/Include/cmsis_gcc.h **** #ifndef   __UNALIGNED_UINT32_WRITE
  95:Drivers/CMSIS/Include/cmsis_gcc.h ****   #pragma GCC diagnostic push
  96:Drivers/CMSIS/Include/cmsis_gcc.h ****   #pragma GCC diagnostic ignored "-Wpacked"
  97:Drivers/CMSIS/Include/cmsis_gcc.h ****   #pragma GCC diagnostic ignored "-Wattributes"
  98:Drivers/CMSIS/Include/cmsis_gcc.h ****   __PACKED_STRUCT T_UINT32_WRITE { uint32_t v; };
  99:Drivers/CMSIS/Include/cmsis_gcc.h ****   #pragma GCC diagnostic pop
 100:Drivers/CMSIS/Include/cmsis_gcc.h ****   #define __UNALIGNED_UINT32_WRITE(addr, val)    (void)((((struct T_UINT32_WRITE *)(void *)(addr))-
 101:Drivers/CMSIS/Include/cmsis_gcc.h **** #endif
 102:Drivers/CMSIS/Include/cmsis_gcc.h **** #ifndef   __UNALIGNED_UINT32_READ
 103:Drivers/CMSIS/Include/cmsis_gcc.h ****   #pragma GCC diagnostic push
 104:Drivers/CMSIS/Include/cmsis_gcc.h ****   #pragma GCC diagnostic ignored "-Wpacked"
 105:Drivers/CMSIS/Include/cmsis_gcc.h ****   #pragma GCC diagnostic ignored "-Wattributes"
 106:Drivers/CMSIS/Include/cmsis_gcc.h ****   __PACKED_STRUCT T_UINT32_READ { uint32_t v; };
 107:Drivers/CMSIS/Include/cmsis_gcc.h ****   #pragma GCC diagnostic pop
 108:Drivers/CMSIS/Include/cmsis_gcc.h ****   #define __UNALIGNED_UINT32_READ(addr)          (((const struct T_UINT32_READ *)(const void *)(add
 109:Drivers/CMSIS/Include/cmsis_gcc.h **** #endif
 110:Drivers/CMSIS/Include/cmsis_gcc.h **** #ifndef   __ALIGNED
 111:Drivers/CMSIS/Include/cmsis_gcc.h ****   #define __ALIGNED(x)                           __attribute__((aligned(x)))
 112:Drivers/CMSIS/Include/cmsis_gcc.h **** #endif
 113:Drivers/CMSIS/Include/cmsis_gcc.h **** #ifndef   __RESTRICT
 114:Drivers/CMSIS/Include/cmsis_gcc.h ****   #define __RESTRICT                             __restrict
 115:Drivers/CMSIS/Include/cmsis_gcc.h **** #endif
 116:Drivers/CMSIS/Include/cmsis_gcc.h **** #ifndef   __COMPILER_BARRIER
 117:Drivers/CMSIS/Include/cmsis_gcc.h ****   #define __COMPILER_BARRIER()                   __ASM volatile("":::"memory")
 118:Drivers/CMSIS/Include/cmsis_gcc.h **** #endif
 119:Drivers/CMSIS/Include/cmsis_gcc.h **** 
 120:Drivers/CMSIS/Include/cmsis_gcc.h **** /* #########################  Startup and Lowlevel Init  ######################## */
 121:Drivers/CMSIS/Include/cmsis_gcc.h **** 
 122:Drivers/CMSIS/Include/cmsis_gcc.h **** #ifndef __PROGRAM_START
 123:Drivers/CMSIS/Include/cmsis_gcc.h **** 
 124:Drivers/CMSIS/Include/cmsis_gcc.h **** /**
 125:Drivers/CMSIS/Include/cmsis_gcc.h ****   \brief   Initializes data and bss sections
 126:Drivers/CMSIS/Include/cmsis_gcc.h ****   \details This default implementations initialized all data and additional bss
 127:Drivers/CMSIS/Include/cmsis_gcc.h ****            sections relying on .copy.table and .zero.table specified properly
 128:Drivers/CMSIS/Include/cmsis_gcc.h ****            in the used linker script.
 129:Drivers/CMSIS/Include/cmsis_gcc.h ****   
 130:Drivers/CMSIS/Include/cmsis_gcc.h ****  */
 131:Drivers/CMSIS/Include/cmsis_gcc.h **** __STATIC_FORCEINLINE __NO_RETURN void __cmsis_start(void)
 132:Drivers/CMSIS/Include/cmsis_gcc.h **** {
 133:Drivers/CMSIS/Include/cmsis_gcc.h ****   extern void _start(void) __NO_RETURN;
 134:Drivers/CMSIS/Include/cmsis_gcc.h ****   
 135:Drivers/CMSIS/Include/cmsis_gcc.h ****   typedef struct {
 136:Drivers/CMSIS/Include/cmsis_gcc.h ****     uint32_t const* src;
 137:Drivers/CMSIS/Include/cmsis_gcc.h ****     uint32_t* dest;
 138:Drivers/CMSIS/Include/cmsis_gcc.h ****     uint32_t  wlen;
ARM GAS  C:\Users\sammy\AppData\Local\Temp\ccizGcyb.s 			page 15


 139:Drivers/CMSIS/Include/cmsis_gcc.h ****   } __copy_table_t;
 140:Drivers/CMSIS/Include/cmsis_gcc.h ****   
 141:Drivers/CMSIS/Include/cmsis_gcc.h ****   typedef struct {
 142:Drivers/CMSIS/Include/cmsis_gcc.h ****     uint32_t* dest;
 143:Drivers/CMSIS/Include/cmsis_gcc.h ****     uint32_t  wlen;
 144:Drivers/CMSIS/Include/cmsis_gcc.h ****   } __zero_table_t;
 145:Drivers/CMSIS/Include/cmsis_gcc.h ****   
 146:Drivers/CMSIS/Include/cmsis_gcc.h ****   extern const __copy_table_t __copy_table_start__;
 147:Drivers/CMSIS/Include/cmsis_gcc.h ****   extern const __copy_table_t __copy_table_end__;
 148:Drivers/CMSIS/Include/cmsis_gcc.h ****   extern const __zero_table_t __zero_table_start__;
 149:Drivers/CMSIS/Include/cmsis_gcc.h ****   extern const __zero_table_t __zero_table_end__;
 150:Drivers/CMSIS/Include/cmsis_gcc.h **** 
 151:Drivers/CMSIS/Include/cmsis_gcc.h ****   for (__copy_table_t const* pTable = &__copy_table_start__; pTable < &__copy_table_end__; ++pTable
 152:Drivers/CMSIS/Include/cmsis_gcc.h ****     for(uint32_t i=0u; i<pTable->wlen; ++i) {
 153:Drivers/CMSIS/Include/cmsis_gcc.h ****       pTable->dest[i] = pTable->src[i];
 154:Drivers/CMSIS/Include/cmsis_gcc.h ****     }
 155:Drivers/CMSIS/Include/cmsis_gcc.h ****   }
 156:Drivers/CMSIS/Include/cmsis_gcc.h ****  
 157:Drivers/CMSIS/Include/cmsis_gcc.h ****   for (__zero_table_t const* pTable = &__zero_table_start__; pTable < &__zero_table_end__; ++pTable
 158:Drivers/CMSIS/Include/cmsis_gcc.h ****     for(uint32_t i=0u; i<pTable->wlen; ++i) {
 159:Drivers/CMSIS/Include/cmsis_gcc.h ****       pTable->dest[i] = 0u;
 160:Drivers/CMSIS/Include/cmsis_gcc.h ****     }
 161:Drivers/CMSIS/Include/cmsis_gcc.h ****   }
 162:Drivers/CMSIS/Include/cmsis_gcc.h ****  
 163:Drivers/CMSIS/Include/cmsis_gcc.h ****   _start();
 164:Drivers/CMSIS/Include/cmsis_gcc.h **** }
 165:Drivers/CMSIS/Include/cmsis_gcc.h ****   
 166:Drivers/CMSIS/Include/cmsis_gcc.h **** #define __PROGRAM_START           __cmsis_start
 167:Drivers/CMSIS/Include/cmsis_gcc.h **** #endif
 168:Drivers/CMSIS/Include/cmsis_gcc.h **** 
 169:Drivers/CMSIS/Include/cmsis_gcc.h **** #ifndef __INITIAL_SP
 170:Drivers/CMSIS/Include/cmsis_gcc.h **** #define __INITIAL_SP              __StackTop
 171:Drivers/CMSIS/Include/cmsis_gcc.h **** #endif
 172:Drivers/CMSIS/Include/cmsis_gcc.h **** 
 173:Drivers/CMSIS/Include/cmsis_gcc.h **** #ifndef __STACK_LIMIT
 174:Drivers/CMSIS/Include/cmsis_gcc.h **** #define __STACK_LIMIT             __StackLimit
 175:Drivers/CMSIS/Include/cmsis_gcc.h **** #endif
 176:Drivers/CMSIS/Include/cmsis_gcc.h **** 
 177:Drivers/CMSIS/Include/cmsis_gcc.h **** #ifndef __VECTOR_TABLE
 178:Drivers/CMSIS/Include/cmsis_gcc.h **** #define __VECTOR_TABLE            __Vectors
 179:Drivers/CMSIS/Include/cmsis_gcc.h **** #endif
 180:Drivers/CMSIS/Include/cmsis_gcc.h **** 
 181:Drivers/CMSIS/Include/cmsis_gcc.h **** #ifndef __VECTOR_TABLE_ATTRIBUTE
 182:Drivers/CMSIS/Include/cmsis_gcc.h **** #define __VECTOR_TABLE_ATTRIBUTE  __attribute((used, section(".vectors")))
 183:Drivers/CMSIS/Include/cmsis_gcc.h **** #endif
 184:Drivers/CMSIS/Include/cmsis_gcc.h **** 
 185:Drivers/CMSIS/Include/cmsis_gcc.h **** /* ###########################  Core Function Access  ########################### */
 186:Drivers/CMSIS/Include/cmsis_gcc.h **** /** \ingroup  CMSIS_Core_FunctionInterface
 187:Drivers/CMSIS/Include/cmsis_gcc.h ****     \defgroup CMSIS_Core_RegAccFunctions CMSIS Core Register Access Functions
 188:Drivers/CMSIS/Include/cmsis_gcc.h ****   @{
 189:Drivers/CMSIS/Include/cmsis_gcc.h ****  */
 190:Drivers/CMSIS/Include/cmsis_gcc.h **** 
 191:Drivers/CMSIS/Include/cmsis_gcc.h **** /**
 192:Drivers/CMSIS/Include/cmsis_gcc.h ****   \brief   Enable IRQ Interrupts
 193:Drivers/CMSIS/Include/cmsis_gcc.h ****   \details Enables IRQ interrupts by clearing the I-bit in the CPSR.
 194:Drivers/CMSIS/Include/cmsis_gcc.h ****            Can only be executed in Privileged modes.
 195:Drivers/CMSIS/Include/cmsis_gcc.h ****  */
ARM GAS  C:\Users\sammy\AppData\Local\Temp\ccizGcyb.s 			page 16


 196:Drivers/CMSIS/Include/cmsis_gcc.h **** __STATIC_FORCEINLINE void __enable_irq(void)
 197:Drivers/CMSIS/Include/cmsis_gcc.h **** {
 198:Drivers/CMSIS/Include/cmsis_gcc.h ****   __ASM volatile ("cpsie i" : : : "memory");
 199:Drivers/CMSIS/Include/cmsis_gcc.h **** }
 200:Drivers/CMSIS/Include/cmsis_gcc.h **** 
 201:Drivers/CMSIS/Include/cmsis_gcc.h **** 
 202:Drivers/CMSIS/Include/cmsis_gcc.h **** /**
 203:Drivers/CMSIS/Include/cmsis_gcc.h ****   \brief   Disable IRQ Interrupts
 204:Drivers/CMSIS/Include/cmsis_gcc.h ****   \details Disables IRQ interrupts by setting the I-bit in the CPSR.
 205:Drivers/CMSIS/Include/cmsis_gcc.h ****            Can only be executed in Privileged modes.
 206:Drivers/CMSIS/Include/cmsis_gcc.h ****  */
 207:Drivers/CMSIS/Include/cmsis_gcc.h **** __STATIC_FORCEINLINE void __disable_irq(void)
 316              		.loc 2 207 27 view .LVU71
 317              	.LBB10:
 208:Drivers/CMSIS/Include/cmsis_gcc.h **** {
 209:Drivers/CMSIS/Include/cmsis_gcc.h ****   __ASM volatile ("cpsid i" : : : "memory");
 318              		.loc 2 209 3 view .LVU72
 319              		.syntax unified
 320              	@ 209 "Drivers/CMSIS/Include/cmsis_gcc.h" 1
 321 0002 72B6     		cpsid i
 322              	@ 0 "" 2
 323              		.thumb
 324              		.syntax unified
 325              	.L16:
 326              	.LBE10:
 327              	.LBE9:
 343:Core/Src/main.c ****   while (1)
 328              		.loc 1 343 3 view .LVU73
 344:Core/Src/main.c ****   {
 345:Core/Src/main.c **** 	    HAL_GPIO_TogglePin(GPIOB, GPIO_PIN_14);
 329              		.loc 1 345 6 view .LVU74
 330 0004 4FF48041 		mov	r1, #16384
 331 0008 0348     		ldr	r0, .L18
 332 000a FFF7FEFF 		bl	HAL_GPIO_TogglePin
 333              	.LVL9:
 346:Core/Src/main.c **** 	    HAL_Delay(50);
 334              		.loc 1 346 6 discriminator 1 view .LVU75
 335 000e 3220     		movs	r0, #50
 336 0010 FFF7FEFF 		bl	HAL_Delay
 337              	.LVL10:
 343:Core/Src/main.c ****   while (1)
 338              		.loc 1 343 9 view .LVU76
 339 0014 F6E7     		b	.L16
 340              	.L19:
 341 0016 00BF     		.align	2
 342              	.L18:
 343 0018 00040048 		.word	1207960576
 344              		.cfi_endproc
 345              	.LFE236:
 347              		.section	.text.MX_DFSDM1_Init,"ax",%progbits
 348              		.align	1
 349              		.syntax unified
 350              		.thumb
 351              		.thumb_func
 353              	MX_DFSDM1_Init:
 354              	.LFB230:
 179:Core/Src/main.c **** 
ARM GAS  C:\Users\sammy\AppData\Local\Temp\ccizGcyb.s 			page 17


 355              		.loc 1 179 1 view -0
 356              		.cfi_startproc
 357              		@ args = 0, pretend = 0, frame = 0
 358              		@ frame_needed = 0, uses_anonymous_args = 0
 359 0000 08B5     		push	{r3, lr}
 360              		.cfi_def_cfa_offset 8
 361              		.cfi_offset 3, -8
 362              		.cfi_offset 14, -4
 188:Core/Src/main.c ****   hdfsdm1_filter0.Init.RegularParam.Trigger = DFSDM_FILTER_SW_TRIGGER;
 363              		.loc 1 188 3 view .LVU78
 188:Core/Src/main.c ****   hdfsdm1_filter0.Init.RegularParam.Trigger = DFSDM_FILTER_SW_TRIGGER;
 364              		.loc 1 188 28 is_stmt 0 view .LVU79
 365 0002 1948     		ldr	r0, .L28
 366 0004 194B     		ldr	r3, .L28+4
 367 0006 0360     		str	r3, [r0]
 189:Core/Src/main.c ****   hdfsdm1_filter0.Init.RegularParam.FastMode = ENABLE;
 368              		.loc 1 189 3 is_stmt 1 view .LVU80
 189:Core/Src/main.c ****   hdfsdm1_filter0.Init.RegularParam.FastMode = ENABLE;
 369              		.loc 1 189 45 is_stmt 0 view .LVU81
 370 0008 0022     		movs	r2, #0
 371 000a 4260     		str	r2, [r0, #4]
 190:Core/Src/main.c ****   hdfsdm1_filter0.Init.RegularParam.DmaMode = ENABLE;
 372              		.loc 1 190 3 is_stmt 1 view .LVU82
 190:Core/Src/main.c ****   hdfsdm1_filter0.Init.RegularParam.DmaMode = ENABLE;
 373              		.loc 1 190 46 is_stmt 0 view .LVU83
 374 000c 0123     		movs	r3, #1
 375 000e 0372     		strb	r3, [r0, #8]
 191:Core/Src/main.c ****   hdfsdm1_filter0.Init.FilterParam.SincOrder = DFSDM_FILTER_FASTSINC_ORDER;
 376              		.loc 1 191 3 is_stmt 1 view .LVU84
 191:Core/Src/main.c ****   hdfsdm1_filter0.Init.FilterParam.SincOrder = DFSDM_FILTER_FASTSINC_ORDER;
 377              		.loc 1 191 45 is_stmt 0 view .LVU85
 378 0010 4372     		strb	r3, [r0, #9]
 192:Core/Src/main.c ****   hdfsdm1_filter0.Init.FilterParam.Oversampling = 200;
 379              		.loc 1 192 3 is_stmt 1 view .LVU86
 192:Core/Src/main.c ****   hdfsdm1_filter0.Init.FilterParam.Oversampling = 200;
 380              		.loc 1 192 46 is_stmt 0 view .LVU87
 381 0012 C261     		str	r2, [r0, #28]
 193:Core/Src/main.c ****   hdfsdm1_filter0.Init.FilterParam.IntOversampling = 1;
 382              		.loc 1 193 3 is_stmt 1 view .LVU88
 193:Core/Src/main.c ****   hdfsdm1_filter0.Init.FilterParam.IntOversampling = 1;
 383              		.loc 1 193 49 is_stmt 0 view .LVU89
 384 0014 C822     		movs	r2, #200
 385 0016 0262     		str	r2, [r0, #32]
 194:Core/Src/main.c ****   if (HAL_DFSDM_FilterInit(&hdfsdm1_filter0) != HAL_OK)
 386              		.loc 1 194 3 is_stmt 1 view .LVU90
 194:Core/Src/main.c ****   if (HAL_DFSDM_FilterInit(&hdfsdm1_filter0) != HAL_OK)
 387              		.loc 1 194 52 is_stmt 0 view .LVU91
 388 0018 4362     		str	r3, [r0, #36]
 195:Core/Src/main.c ****   {
 389              		.loc 1 195 3 is_stmt 1 view .LVU92
 195:Core/Src/main.c ****   {
 390              		.loc 1 195 7 is_stmt 0 view .LVU93
 391 001a FFF7FEFF 		bl	HAL_DFSDM_FilterInit
 392              	.LVL11:
 195:Core/Src/main.c ****   {
 393              		.loc 1 195 6 discriminator 1 view .LVU94
 394 001e E8B9     		cbnz	r0, .L25
ARM GAS  C:\Users\sammy\AppData\Local\Temp\ccizGcyb.s 			page 18


 199:Core/Src/main.c ****   hdfsdm1_channel2.Init.OutputClock.Activation = ENABLE;
 395              		.loc 1 199 3 is_stmt 1 view .LVU95
 199:Core/Src/main.c ****   hdfsdm1_channel2.Init.OutputClock.Activation = ENABLE;
 396              		.loc 1 199 29 is_stmt 0 view .LVU96
 397 0020 1348     		ldr	r0, .L28+8
 398 0022 144B     		ldr	r3, .L28+12
 399 0024 0360     		str	r3, [r0]
 200:Core/Src/main.c ****   hdfsdm1_channel2.Init.OutputClock.Selection = DFSDM_CHANNEL_OUTPUT_CLOCK_SYSTEM;
 400              		.loc 1 200 3 is_stmt 1 view .LVU97
 200:Core/Src/main.c ****   hdfsdm1_channel2.Init.OutputClock.Selection = DFSDM_CHANNEL_OUTPUT_CLOCK_SYSTEM;
 401              		.loc 1 200 48 is_stmt 0 view .LVU98
 402 0026 0122     		movs	r2, #1
 403 0028 0271     		strb	r2, [r0, #4]
 201:Core/Src/main.c ****   hdfsdm1_channel2.Init.OutputClock.Divider = 25;
 404              		.loc 1 201 3 is_stmt 1 view .LVU99
 201:Core/Src/main.c ****   hdfsdm1_channel2.Init.OutputClock.Divider = 25;
 405              		.loc 1 201 47 is_stmt 0 view .LVU100
 406 002a 0023     		movs	r3, #0
 407 002c 8360     		str	r3, [r0, #8]
 202:Core/Src/main.c ****   hdfsdm1_channel2.Init.Input.Multiplexer = DFSDM_CHANNEL_EXTERNAL_INPUTS;
 408              		.loc 1 202 3 is_stmt 1 view .LVU101
 202:Core/Src/main.c ****   hdfsdm1_channel2.Init.Input.Multiplexer = DFSDM_CHANNEL_EXTERNAL_INPUTS;
 409              		.loc 1 202 45 is_stmt 0 view .LVU102
 410 002e 1921     		movs	r1, #25
 411 0030 C160     		str	r1, [r0, #12]
 203:Core/Src/main.c ****   hdfsdm1_channel2.Init.Input.DataPacking = DFSDM_CHANNEL_STANDARD_MODE;
 412              		.loc 1 203 3 is_stmt 1 view .LVU103
 203:Core/Src/main.c ****   hdfsdm1_channel2.Init.Input.DataPacking = DFSDM_CHANNEL_STANDARD_MODE;
 413              		.loc 1 203 43 is_stmt 0 view .LVU104
 414 0032 0361     		str	r3, [r0, #16]
 204:Core/Src/main.c ****   hdfsdm1_channel2.Init.Input.Pins = DFSDM_CHANNEL_SAME_CHANNEL_PINS;
 415              		.loc 1 204 3 is_stmt 1 view .LVU105
 204:Core/Src/main.c ****   hdfsdm1_channel2.Init.Input.Pins = DFSDM_CHANNEL_SAME_CHANNEL_PINS;
 416              		.loc 1 204 43 is_stmt 0 view .LVU106
 417 0034 4361     		str	r3, [r0, #20]
 205:Core/Src/main.c ****   hdfsdm1_channel2.Init.SerialInterface.Type = DFSDM_CHANNEL_SPI_RISING;
 418              		.loc 1 205 3 is_stmt 1 view .LVU107
 205:Core/Src/main.c ****   hdfsdm1_channel2.Init.SerialInterface.Type = DFSDM_CHANNEL_SPI_RISING;
 419              		.loc 1 205 36 is_stmt 0 view .LVU108
 420 0036 8361     		str	r3, [r0, #24]
 206:Core/Src/main.c ****   hdfsdm1_channel2.Init.SerialInterface.SpiClock = DFSDM_CHANNEL_SPI_CLOCK_INTERNAL;
 421              		.loc 1 206 3 is_stmt 1 view .LVU109
 206:Core/Src/main.c ****   hdfsdm1_channel2.Init.SerialInterface.SpiClock = DFSDM_CHANNEL_SPI_CLOCK_INTERNAL;
 422              		.loc 1 206 46 is_stmt 0 view .LVU110
 423 0038 C361     		str	r3, [r0, #28]
 207:Core/Src/main.c ****   hdfsdm1_channel2.Init.Awd.FilterOrder = DFSDM_CHANNEL_FASTSINC_ORDER;
 424              		.loc 1 207 3 is_stmt 1 view .LVU111
 207:Core/Src/main.c ****   hdfsdm1_channel2.Init.Awd.FilterOrder = DFSDM_CHANNEL_FASTSINC_ORDER;
 425              		.loc 1 207 50 is_stmt 0 view .LVU112
 426 003a 0421     		movs	r1, #4
 427 003c 0162     		str	r1, [r0, #32]
 208:Core/Src/main.c ****   hdfsdm1_channel2.Init.Awd.Oversampling = 1;
 428              		.loc 1 208 3 is_stmt 1 view .LVU113
 208:Core/Src/main.c ****   hdfsdm1_channel2.Init.Awd.Oversampling = 1;
 429              		.loc 1 208 41 is_stmt 0 view .LVU114
 430 003e 4362     		str	r3, [r0, #36]
 209:Core/Src/main.c ****   hdfsdm1_channel2.Init.Offset = 0;
ARM GAS  C:\Users\sammy\AppData\Local\Temp\ccizGcyb.s 			page 19


 431              		.loc 1 209 3 is_stmt 1 view .LVU115
 209:Core/Src/main.c ****   hdfsdm1_channel2.Init.Offset = 0;
 432              		.loc 1 209 42 is_stmt 0 view .LVU116
 433 0040 8262     		str	r2, [r0, #40]
 210:Core/Src/main.c ****   hdfsdm1_channel2.Init.RightBitShift = 0x03;
 434              		.loc 1 210 3 is_stmt 1 view .LVU117
 210:Core/Src/main.c ****   hdfsdm1_channel2.Init.RightBitShift = 0x03;
 435              		.loc 1 210 32 is_stmt 0 view .LVU118
 436 0042 C362     		str	r3, [r0, #44]
 211:Core/Src/main.c ****   if (HAL_DFSDM_ChannelInit(&hdfsdm1_channel2) != HAL_OK)
 437              		.loc 1 211 3 is_stmt 1 view .LVU119
 211:Core/Src/main.c ****   if (HAL_DFSDM_ChannelInit(&hdfsdm1_channel2) != HAL_OK)
 438              		.loc 1 211 39 is_stmt 0 view .LVU120
 439 0044 0323     		movs	r3, #3
 440 0046 0363     		str	r3, [r0, #48]
 212:Core/Src/main.c ****   {
 441              		.loc 1 212 3 is_stmt 1 view .LVU121
 212:Core/Src/main.c ****   {
 442              		.loc 1 212 7 is_stmt 0 view .LVU122
 443 0048 FFF7FEFF 		bl	HAL_DFSDM_ChannelInit
 444              	.LVL12:
 212:Core/Src/main.c ****   {
 445              		.loc 1 212 6 discriminator 1 view .LVU123
 446 004c 40B9     		cbnz	r0, .L26
 216:Core/Src/main.c ****   {
 447              		.loc 1 216 3 is_stmt 1 view .LVU124
 216:Core/Src/main.c ****   {
 448              		.loc 1 216 7 is_stmt 0 view .LVU125
 449 004e 0122     		movs	r2, #1
 450 0050 0949     		ldr	r1, .L28+16
 451 0052 0548     		ldr	r0, .L28
 452 0054 FFF7FEFF 		bl	HAL_DFSDM_FilterConfigRegChannel
 453              	.LVL13:
 216:Core/Src/main.c ****   {
 454              		.loc 1 216 6 discriminator 1 view .LVU126
 455 0058 20B9     		cbnz	r0, .L27
 224:Core/Src/main.c **** 
 456              		.loc 1 224 1 view .LVU127
 457 005a 08BD     		pop	{r3, pc}
 458              	.L25:
 197:Core/Src/main.c ****   }
 459              		.loc 1 197 5 is_stmt 1 view .LVU128
 460 005c FFF7FEFF 		bl	Error_Handler
 461              	.LVL14:
 462              	.L26:
 214:Core/Src/main.c ****   }
 463              		.loc 1 214 5 view .LVU129
 464 0060 FFF7FEFF 		bl	Error_Handler
 465              	.LVL15:
 466              	.L27:
 218:Core/Src/main.c ****   }
 467              		.loc 1 218 5 view .LVU130
 468 0064 FFF7FEFF 		bl	Error_Handler
 469              	.LVL16:
 470              	.L29:
 471              		.align	2
 472              	.L28:
ARM GAS  C:\Users\sammy\AppData\Local\Temp\ccizGcyb.s 			page 20


 473 0068 00000000 		.word	hdfsdm1_filter0
 474 006c 00610140 		.word	1073832192
 475 0070 00000000 		.word	hdfsdm1_channel2
 476 0074 40600140 		.word	1073832000
 477 0078 04000200 		.word	131076
 478              		.cfi_endproc
 479              	.LFE230:
 481              		.section	.text.MX_USART3_UART_Init,"ax",%progbits
 482              		.align	1
 483              		.syntax unified
 484              		.thumb
 485              		.thumb_func
 487              	MX_USART3_UART_Init:
 488              	.LFB231:
 232:Core/Src/main.c **** 
 489              		.loc 1 232 1 view -0
 490              		.cfi_startproc
 491              		@ args = 0, pretend = 0, frame = 0
 492              		@ frame_needed = 0, uses_anonymous_args = 0
 493 0000 08B5     		push	{r3, lr}
 494              		.cfi_def_cfa_offset 8
 495              		.cfi_offset 3, -8
 496              		.cfi_offset 14, -4
 241:Core/Src/main.c ****   huart3.Init.BaudRate = 921600;
 497              		.loc 1 241 3 view .LVU132
 241:Core/Src/main.c ****   huart3.Init.BaudRate = 921600;
 498              		.loc 1 241 19 is_stmt 0 view .LVU133
 499 0002 0B48     		ldr	r0, .L34
 500 0004 0B4B     		ldr	r3, .L34+4
 501 0006 0360     		str	r3, [r0]
 242:Core/Src/main.c ****   huart3.Init.WordLength = UART_WORDLENGTH_8B;
 502              		.loc 1 242 3 is_stmt 1 view .LVU134
 242:Core/Src/main.c ****   huart3.Init.WordLength = UART_WORDLENGTH_8B;
 503              		.loc 1 242 24 is_stmt 0 view .LVU135
 504 0008 4FF46123 		mov	r3, #921600
 505 000c 4360     		str	r3, [r0, #4]
 243:Core/Src/main.c ****   huart3.Init.StopBits = UART_STOPBITS_1;
 506              		.loc 1 243 3 is_stmt 1 view .LVU136
 243:Core/Src/main.c ****   huart3.Init.StopBits = UART_STOPBITS_1;
 507              		.loc 1 243 26 is_stmt 0 view .LVU137
 508 000e 0023     		movs	r3, #0
 509 0010 8360     		str	r3, [r0, #8]
 244:Core/Src/main.c ****   huart3.Init.Parity = UART_PARITY_NONE;
 510              		.loc 1 244 3 is_stmt 1 view .LVU138
 244:Core/Src/main.c ****   huart3.Init.Parity = UART_PARITY_NONE;
 511              		.loc 1 244 24 is_stmt 0 view .LVU139
 512 0012 C360     		str	r3, [r0, #12]
 245:Core/Src/main.c ****   huart3.Init.Mode = UART_MODE_TX_RX;
 513              		.loc 1 245 3 is_stmt 1 view .LVU140
 245:Core/Src/main.c ****   huart3.Init.Mode = UART_MODE_TX_RX;
 514              		.loc 1 245 22 is_stmt 0 view .LVU141
 515 0014 0361     		str	r3, [r0, #16]
 246:Core/Src/main.c ****   huart3.Init.HwFlowCtl = UART_HWCONTROL_NONE;
 516              		.loc 1 246 3 is_stmt 1 view .LVU142
 246:Core/Src/main.c ****   huart3.Init.HwFlowCtl = UART_HWCONTROL_NONE;
 517              		.loc 1 246 20 is_stmt 0 view .LVU143
 518 0016 0C22     		movs	r2, #12
ARM GAS  C:\Users\sammy\AppData\Local\Temp\ccizGcyb.s 			page 21


 519 0018 4261     		str	r2, [r0, #20]
 247:Core/Src/main.c ****   huart3.Init.OverSampling = UART_OVERSAMPLING_16;
 520              		.loc 1 247 3 is_stmt 1 view .LVU144
 247:Core/Src/main.c ****   huart3.Init.OverSampling = UART_OVERSAMPLING_16;
 521              		.loc 1 247 25 is_stmt 0 view .LVU145
 522 001a 8361     		str	r3, [r0, #24]
 248:Core/Src/main.c ****   huart3.Init.OneBitSampling = UART_ONE_BIT_SAMPLE_DISABLE;
 523              		.loc 1 248 3 is_stmt 1 view .LVU146
 248:Core/Src/main.c ****   huart3.Init.OneBitSampling = UART_ONE_BIT_SAMPLE_DISABLE;
 524              		.loc 1 248 28 is_stmt 0 view .LVU147
 525 001c C361     		str	r3, [r0, #28]
 249:Core/Src/main.c ****   huart3.AdvancedInit.AdvFeatureInit = UART_ADVFEATURE_NO_INIT;
 526              		.loc 1 249 3 is_stmt 1 view .LVU148
 249:Core/Src/main.c ****   huart3.AdvancedInit.AdvFeatureInit = UART_ADVFEATURE_NO_INIT;
 527              		.loc 1 249 30 is_stmt 0 view .LVU149
 528 001e 0362     		str	r3, [r0, #32]
 250:Core/Src/main.c ****   if (HAL_UART_Init(&huart3) != HAL_OK)
 529              		.loc 1 250 3 is_stmt 1 view .LVU150
 250:Core/Src/main.c ****   if (HAL_UART_Init(&huart3) != HAL_OK)
 530              		.loc 1 250 38 is_stmt 0 view .LVU151
 531 0020 4362     		str	r3, [r0, #36]
 251:Core/Src/main.c ****   {
 532              		.loc 1 251 3 is_stmt 1 view .LVU152
 251:Core/Src/main.c ****   {
 533              		.loc 1 251 7 is_stmt 0 view .LVU153
 534 0022 FFF7FEFF 		bl	HAL_UART_Init
 535              	.LVL17:
 251:Core/Src/main.c ****   {
 536              		.loc 1 251 6 discriminator 1 view .LVU154
 537 0026 00B9     		cbnz	r0, .L33
 259:Core/Src/main.c **** 
 538              		.loc 1 259 1 view .LVU155
 539 0028 08BD     		pop	{r3, pc}
 540              	.L33:
 253:Core/Src/main.c ****   }
 541              		.loc 1 253 5 is_stmt 1 view .LVU156
 542 002a FFF7FEFF 		bl	Error_Handler
 543              	.LVL18:
 544              	.L35:
 545 002e 00BF     		.align	2
 546              	.L34:
 547 0030 00000000 		.word	huart3
 548 0034 00480040 		.word	1073760256
 549              		.cfi_endproc
 550              	.LFE231:
 552              		.section	.text.SystemClock_Config,"ax",%progbits
 553              		.align	1
 554              		.global	SystemClock_Config
 555              		.syntax unified
 556              		.thumb
 557              		.thumb_func
 559              	SystemClock_Config:
 560              	.LFB229:
 128:Core/Src/main.c ****   RCC_OscInitTypeDef RCC_OscInitStruct = {0};
 561              		.loc 1 128 1 view -0
 562              		.cfi_startproc
 563              		@ args = 0, pretend = 0, frame = 88
ARM GAS  C:\Users\sammy\AppData\Local\Temp\ccizGcyb.s 			page 22


 564              		@ frame_needed = 0, uses_anonymous_args = 0
 565 0000 00B5     		push	{lr}
 566              		.cfi_def_cfa_offset 4
 567              		.cfi_offset 14, -4
 568 0002 97B0     		sub	sp, sp, #92
 569              		.cfi_def_cfa_offset 96
 129:Core/Src/main.c ****   RCC_ClkInitTypeDef RCC_ClkInitStruct = {0};
 570              		.loc 1 129 3 view .LVU158
 129:Core/Src/main.c ****   RCC_ClkInitTypeDef RCC_ClkInitStruct = {0};
 571              		.loc 1 129 22 is_stmt 0 view .LVU159
 572 0004 4422     		movs	r2, #68
 573 0006 0021     		movs	r1, #0
 574 0008 05A8     		add	r0, sp, #20
 575 000a FFF7FEFF 		bl	memset
 576              	.LVL19:
 130:Core/Src/main.c **** 
 577              		.loc 1 130 3 is_stmt 1 view .LVU160
 130:Core/Src/main.c **** 
 578              		.loc 1 130 22 is_stmt 0 view .LVU161
 579 000e 0023     		movs	r3, #0
 580 0010 0093     		str	r3, [sp]
 581 0012 0193     		str	r3, [sp, #4]
 582 0014 0293     		str	r3, [sp, #8]
 583 0016 0393     		str	r3, [sp, #12]
 584 0018 0493     		str	r3, [sp, #16]
 134:Core/Src/main.c ****   {
 585              		.loc 1 134 3 is_stmt 1 view .LVU162
 134:Core/Src/main.c ****   {
 586              		.loc 1 134 7 is_stmt 0 view .LVU163
 587 001a 4FF40070 		mov	r0, #512
 588 001e FFF7FEFF 		bl	HAL_PWREx_ControlVoltageScaling
 589              	.LVL20:
 134:Core/Src/main.c ****   {
 590              		.loc 1 134 6 discriminator 1 view .LVU164
 591 0022 28BB     		cbnz	r0, .L41
 142:Core/Src/main.c ****   RCC_OscInitStruct.MSIState = RCC_MSI_ON;
 592              		.loc 1 142 3 is_stmt 1 view .LVU165
 142:Core/Src/main.c ****   RCC_OscInitStruct.MSIState = RCC_MSI_ON;
 593              		.loc 1 142 36 is_stmt 0 view .LVU166
 594 0024 1023     		movs	r3, #16
 595 0026 0593     		str	r3, [sp, #20]
 143:Core/Src/main.c ****   RCC_OscInitStruct.MSICalibrationValue = 0;
 596              		.loc 1 143 3 is_stmt 1 view .LVU167
 143:Core/Src/main.c ****   RCC_OscInitStruct.MSICalibrationValue = 0;
 597              		.loc 1 143 30 is_stmt 0 view .LVU168
 598 0028 0122     		movs	r2, #1
 599 002a 0B92     		str	r2, [sp, #44]
 144:Core/Src/main.c ****   RCC_OscInitStruct.MSIClockRange = RCC_MSIRANGE_6;
 600              		.loc 1 144 3 is_stmt 1 view .LVU169
 144:Core/Src/main.c ****   RCC_OscInitStruct.MSIClockRange = RCC_MSIRANGE_6;
 601              		.loc 1 144 41 is_stmt 0 view .LVU170
 602 002c 0023     		movs	r3, #0
 603 002e 0C93     		str	r3, [sp, #48]
 145:Core/Src/main.c ****   RCC_OscInitStruct.PLL.PLLState = RCC_PLL_ON;
 604              		.loc 1 145 3 is_stmt 1 view .LVU171
 145:Core/Src/main.c ****   RCC_OscInitStruct.PLL.PLLState = RCC_PLL_ON;
 605              		.loc 1 145 35 is_stmt 0 view .LVU172
ARM GAS  C:\Users\sammy\AppData\Local\Temp\ccizGcyb.s 			page 23


 606 0030 6023     		movs	r3, #96
 607 0032 0D93     		str	r3, [sp, #52]
 146:Core/Src/main.c ****   RCC_OscInitStruct.PLL.PLLSource = RCC_PLLSOURCE_MSI;
 608              		.loc 1 146 3 is_stmt 1 view .LVU173
 146:Core/Src/main.c ****   RCC_OscInitStruct.PLL.PLLSource = RCC_PLLSOURCE_MSI;
 609              		.loc 1 146 34 is_stmt 0 view .LVU174
 610 0034 0223     		movs	r3, #2
 611 0036 0F93     		str	r3, [sp, #60]
 147:Core/Src/main.c ****   RCC_OscInitStruct.PLL.PLLM = 1;
 612              		.loc 1 147 3 is_stmt 1 view .LVU175
 147:Core/Src/main.c ****   RCC_OscInitStruct.PLL.PLLM = 1;
 613              		.loc 1 147 35 is_stmt 0 view .LVU176
 614 0038 1092     		str	r2, [sp, #64]
 148:Core/Src/main.c ****   RCC_OscInitStruct.PLL.PLLN = 40;
 615              		.loc 1 148 3 is_stmt 1 view .LVU177
 148:Core/Src/main.c ****   RCC_OscInitStruct.PLL.PLLN = 40;
 616              		.loc 1 148 30 is_stmt 0 view .LVU178
 617 003a 1192     		str	r2, [sp, #68]
 149:Core/Src/main.c ****   RCC_OscInitStruct.PLL.PLLP = RCC_PLLP_DIV7;
 618              		.loc 1 149 3 is_stmt 1 view .LVU179
 149:Core/Src/main.c ****   RCC_OscInitStruct.PLL.PLLP = RCC_PLLP_DIV7;
 619              		.loc 1 149 30 is_stmt 0 view .LVU180
 620 003c 2822     		movs	r2, #40
 621 003e 1292     		str	r2, [sp, #72]
 150:Core/Src/main.c ****   RCC_OscInitStruct.PLL.PLLQ = RCC_PLLQ_DIV2;
 622              		.loc 1 150 3 is_stmt 1 view .LVU181
 150:Core/Src/main.c ****   RCC_OscInitStruct.PLL.PLLQ = RCC_PLLQ_DIV2;
 623              		.loc 1 150 30 is_stmt 0 view .LVU182
 624 0040 0722     		movs	r2, #7
 625 0042 1392     		str	r2, [sp, #76]
 151:Core/Src/main.c ****   RCC_OscInitStruct.PLL.PLLR = RCC_PLLR_DIV2;
 626              		.loc 1 151 3 is_stmt 1 view .LVU183
 151:Core/Src/main.c ****   RCC_OscInitStruct.PLL.PLLR = RCC_PLLR_DIV2;
 627              		.loc 1 151 30 is_stmt 0 view .LVU184
 628 0044 1493     		str	r3, [sp, #80]
 152:Core/Src/main.c ****   if (HAL_RCC_OscConfig(&RCC_OscInitStruct) != HAL_OK)
 629              		.loc 1 152 3 is_stmt 1 view .LVU185
 152:Core/Src/main.c ****   if (HAL_RCC_OscConfig(&RCC_OscInitStruct) != HAL_OK)
 630              		.loc 1 152 30 is_stmt 0 view .LVU186
 631 0046 1593     		str	r3, [sp, #84]
 153:Core/Src/main.c ****   {
 632              		.loc 1 153 3 is_stmt 1 view .LVU187
 153:Core/Src/main.c ****   {
 633              		.loc 1 153 7 is_stmt 0 view .LVU188
 634 0048 05A8     		add	r0, sp, #20
 635 004a FFF7FEFF 		bl	HAL_RCC_OscConfig
 636              	.LVL21:
 153:Core/Src/main.c ****   {
 637              		.loc 1 153 6 discriminator 1 view .LVU189
 638 004e 88B9     		cbnz	r0, .L42
 160:Core/Src/main.c ****                               |RCC_CLOCKTYPE_PCLK1|RCC_CLOCKTYPE_PCLK2;
 639              		.loc 1 160 3 is_stmt 1 view .LVU190
 160:Core/Src/main.c ****                               |RCC_CLOCKTYPE_PCLK1|RCC_CLOCKTYPE_PCLK2;
 640              		.loc 1 160 31 is_stmt 0 view .LVU191
 641 0050 0F23     		movs	r3, #15
 642 0052 0093     		str	r3, [sp]
 162:Core/Src/main.c ****   RCC_ClkInitStruct.AHBCLKDivider = RCC_SYSCLK_DIV1;
ARM GAS  C:\Users\sammy\AppData\Local\Temp\ccizGcyb.s 			page 24


 643              		.loc 1 162 3 is_stmt 1 view .LVU192
 162:Core/Src/main.c ****   RCC_ClkInitStruct.AHBCLKDivider = RCC_SYSCLK_DIV1;
 644              		.loc 1 162 34 is_stmt 0 view .LVU193
 645 0054 0323     		movs	r3, #3
 646 0056 0193     		str	r3, [sp, #4]
 163:Core/Src/main.c ****   RCC_ClkInitStruct.APB1CLKDivider = RCC_HCLK_DIV1;
 647              		.loc 1 163 3 is_stmt 1 view .LVU194
 163:Core/Src/main.c ****   RCC_ClkInitStruct.APB1CLKDivider = RCC_HCLK_DIV1;
 648              		.loc 1 163 35 is_stmt 0 view .LVU195
 649 0058 0023     		movs	r3, #0
 650 005a 0293     		str	r3, [sp, #8]
 164:Core/Src/main.c ****   RCC_ClkInitStruct.APB2CLKDivider = RCC_HCLK_DIV1;
 651              		.loc 1 164 3 is_stmt 1 view .LVU196
 164:Core/Src/main.c ****   RCC_ClkInitStruct.APB2CLKDivider = RCC_HCLK_DIV1;
 652              		.loc 1 164 36 is_stmt 0 view .LVU197
 653 005c 0393     		str	r3, [sp, #12]
 165:Core/Src/main.c **** 
 654              		.loc 1 165 3 is_stmt 1 view .LVU198
 165:Core/Src/main.c **** 
 655              		.loc 1 165 36 is_stmt 0 view .LVU199
 656 005e 0493     		str	r3, [sp, #16]
 167:Core/Src/main.c ****   {
 657              		.loc 1 167 3 is_stmt 1 view .LVU200
 167:Core/Src/main.c ****   {
 658              		.loc 1 167 7 is_stmt 0 view .LVU201
 659 0060 0421     		movs	r1, #4
 660 0062 6846     		mov	r0, sp
 661 0064 FFF7FEFF 		bl	HAL_RCC_ClockConfig
 662              	.LVL22:
 167:Core/Src/main.c ****   {
 663              		.loc 1 167 6 discriminator 1 view .LVU202
 664 0068 30B9     		cbnz	r0, .L43
 171:Core/Src/main.c **** 
 665              		.loc 1 171 1 view .LVU203
 666 006a 17B0     		add	sp, sp, #92
 667              		.cfi_remember_state
 668              		.cfi_def_cfa_offset 4
 669              		@ sp needed
 670 006c 5DF804FB 		ldr	pc, [sp], #4
 671              	.L41:
 672              		.cfi_restore_state
 136:Core/Src/main.c ****   }
 673              		.loc 1 136 5 is_stmt 1 view .LVU204
 674 0070 FFF7FEFF 		bl	Error_Handler
 675              	.LVL23:
 676              	.L42:
 155:Core/Src/main.c ****   }
 677              		.loc 1 155 5 view .LVU205
 678 0074 FFF7FEFF 		bl	Error_Handler
 679              	.LVL24:
 680              	.L43:
 169:Core/Src/main.c ****   }
 681              		.loc 1 169 5 view .LVU206
 682 0078 FFF7FEFF 		bl	Error_Handler
 683              	.LVL25:
 684              		.cfi_endproc
 685              	.LFE229:
ARM GAS  C:\Users\sammy\AppData\Local\Temp\ccizGcyb.s 			page 25


 687              		.section	.text.main,"ax",%progbits
 688              		.align	1
 689              		.global	main
 690              		.syntax unified
 691              		.thumb
 692              		.thumb_func
 694              	main:
 695              	.LFB228:
  76:Core/Src/main.c **** 
 696              		.loc 1 76 1 view -0
 697              		.cfi_startproc
 698              		@ Volatile: function does not return.
 699              		@ args = 0, pretend = 0, frame = 0
 700              		@ frame_needed = 0, uses_anonymous_args = 0
 701 0000 08B5     		push	{r3, lr}
 702              		.cfi_def_cfa_offset 8
 703              		.cfi_offset 3, -8
 704              		.cfi_offset 14, -4
  86:Core/Src/main.c **** 
 705              		.loc 1 86 3 view .LVU208
 706 0002 FFF7FEFF 		bl	HAL_Init
 707              	.LVL26:
  93:Core/Src/main.c **** 
 708              		.loc 1 93 3 view .LVU209
 709 0006 FFF7FEFF 		bl	SystemClock_Config
 710              	.LVL27:
  99:Core/Src/main.c ****   MX_DMA_Init();
 711              		.loc 1 99 3 view .LVU210
 712 000a FFF7FEFF 		bl	MX_GPIO_Init
 713              	.LVL28:
 100:Core/Src/main.c ****   MX_DFSDM1_Init();
 714              		.loc 1 100 3 view .LVU211
 715 000e FFF7FEFF 		bl	MX_DMA_Init
 716              	.LVL29:
 101:Core/Src/main.c ****   MX_USART3_UART_Init();
 717              		.loc 1 101 3 view .LVU212
 718 0012 FFF7FEFF 		bl	MX_DFSDM1_Init
 719              	.LVL30:
 102:Core/Src/main.c ****   /* USER CODE BEGIN 2 */
 720              		.loc 1 102 3 view .LVU213
 721 0016 FFF7FEFF 		bl	MX_USART3_UART_Init
 722              	.LVL31:
 104:Core/Src/main.c ****   HAL_Delay(50);  // 50 ms delay
 723              		.loc 1 104 3 view .LVU214
 724 001a 4FF48041 		mov	r1, #16384
 725 001e 0848     		ldr	r0, .L48
 726 0020 FFF7FEFF 		bl	HAL_GPIO_TogglePin
 727              	.LVL32:
 105:Core/Src/main.c ****   if (HAL_DFSDM_FilterRegularStart_DMA(&hdfsdm1_filter0, RecBuff, 2048) != HAL_OK)
 728              		.loc 1 105 3 view .LVU215
 729 0024 3220     		movs	r0, #50
 730 0026 FFF7FEFF 		bl	HAL_Delay
 731              	.LVL33:
 106:Core/Src/main.c ****   {
 732              		.loc 1 106 3 view .LVU216
 106:Core/Src/main.c ****   {
 733              		.loc 1 106 7 is_stmt 0 view .LVU217
ARM GAS  C:\Users\sammy\AppData\Local\Temp\ccizGcyb.s 			page 26


 734 002a 4FF40062 		mov	r2, #2048
 735 002e 0549     		ldr	r1, .L48+4
 736 0030 0548     		ldr	r0, .L48+8
 737 0032 FFF7FEFF 		bl	HAL_DFSDM_FilterRegularStart_DMA
 738              	.LVL34:
 106:Core/Src/main.c ****   {
 739              		.loc 1 106 6 discriminator 1 view .LVU218
 740 0036 00B9     		cbnz	r0, .L47
 741              	.L45:
 114:Core/Src/main.c ****   {
 742              		.loc 1 114 3 is_stmt 1 view .LVU219
 120:Core/Src/main.c **** }
 743              		.loc 1 120 3 view .LVU220
 114:Core/Src/main.c ****   {
 744              		.loc 1 114 9 view .LVU221
 745 0038 FEE7     		b	.L45
 746              	.L47:
 108:Core/Src/main.c ****   }
 747              		.loc 1 108 5 view .LVU222
 748 003a FFF7FEFF 		bl	Error_Handler
 749              	.LVL35:
 750              	.L49:
 751 003e 00BF     		.align	2
 752              	.L48:
 753 0040 00040048 		.word	1207960576
 754 0044 00000000 		.word	RecBuff
 755 0048 00000000 		.word	hdfsdm1_filter0
 756              		.cfi_endproc
 757              	.LFE228:
 759              		.global	RecBuff
 760              		.section	.bss.RecBuff,"aw",%nobits
 761              		.align	2
 764              	RecBuff:
 765 0000 00000000 		.space	8192
 765      00000000 
 765      00000000 
 765      00000000 
 765      00000000 
 766              		.global	DmaRecBuffCplt
 767              		.section	.bss.DmaRecBuffCplt,"aw",%nobits
 768              		.align	2
 771              	DmaRecBuffCplt:
 772 0000 00000000 		.space	4
 773              		.global	DmaRecHalfBuffCplt
 774              		.section	.bss.DmaRecHalfBuffCplt,"aw",%nobits
 775              		.align	2
 778              	DmaRecHalfBuffCplt:
 779 0000 00000000 		.space	4
 780              		.global	hdma_usart3_tx
 781              		.section	.bss.hdma_usart3_tx,"aw",%nobits
 782              		.align	2
 785              	hdma_usart3_tx:
 786 0000 00000000 		.space	72
 786      00000000 
 786      00000000 
 786      00000000 
 786      00000000 
ARM GAS  C:\Users\sammy\AppData\Local\Temp\ccizGcyb.s 			page 27


 787              		.global	huart3
 788              		.section	.bss.huart3,"aw",%nobits
 789              		.align	2
 792              	huart3:
 793 0000 00000000 		.space	136
 793      00000000 
 793      00000000 
 793      00000000 
 793      00000000 
 794              		.global	hdma_dfsdm1_flt0
 795              		.section	.bss.hdma_dfsdm1_flt0,"aw",%nobits
 796              		.align	2
 799              	hdma_dfsdm1_flt0:
 800 0000 00000000 		.space	72
 800      00000000 
 800      00000000 
 800      00000000 
 800      00000000 
 801              		.global	hdfsdm1_channel2
 802              		.section	.bss.hdfsdm1_channel2,"aw",%nobits
 803              		.align	2
 806              	hdfsdm1_channel2:
 807 0000 00000000 		.space	56
 807      00000000 
 807      00000000 
 807      00000000 
 807      00000000 
 808              		.global	hdfsdm1_filter0
 809              		.section	.bss.hdfsdm1_filter0,"aw",%nobits
 810              		.align	2
 813              	hdfsdm1_filter0:
 814 0000 00000000 		.space	84
 814      00000000 
 814      00000000 
 814      00000000 
 814      00000000 
 815              		.text
 816              	.Letext0:
 817              		.file 3 "Drivers/CMSIS/Device/ST/STM32L4xx/Include/stm32l475xx.h"
 818              		.file 4 "C:/Users/sammy/AppData/Roaming/Code/User/globalStorage/bmd.stm32-for-vscode/@xpack-dev-to
 819              		.file 5 "C:/Users/sammy/AppData/Roaming/Code/User/globalStorage/bmd.stm32-for-vscode/@xpack-dev-to
 820              		.file 6 "Drivers/CMSIS/Device/ST/STM32L4xx/Include/stm32l4xx.h"
 821              		.file 7 "Drivers/STM32L4xx_HAL_Driver/Inc/stm32l4xx_hal_def.h"
 822              		.file 8 "Drivers/STM32L4xx_HAL_Driver/Inc/stm32l4xx_hal_rcc.h"
 823              		.file 9 "Drivers/STM32L4xx_HAL_Driver/Inc/stm32l4xx_hal_gpio.h"
 824              		.file 10 "Drivers/STM32L4xx_HAL_Driver/Inc/stm32l4xx_hal_dma.h"
 825              		.file 11 "Drivers/STM32L4xx_HAL_Driver/Inc/stm32l4xx_hal_dfsdm.h"
 826              		.file 12 "Drivers/STM32L4xx_HAL_Driver/Inc/stm32l4xx_hal_uart.h"
 827              		.file 13 "Drivers/STM32L4xx_HAL_Driver/Inc/stm32l4xx_hal_pwr_ex.h"
 828              		.file 14 "Drivers/STM32L4xx_HAL_Driver/Inc/stm32l4xx_hal_cortex.h"
 829              		.file 15 "Drivers/STM32L4xx_HAL_Driver/Inc/stm32l4xx_hal.h"
 830              		.file 16 "Drivers/STM32L4xx_HAL_Driver/Inc/stm32l4xx_ll_dma.h"
 831              		.file 17 "<built-in>"
ARM GAS  C:\Users\sammy\AppData\Local\Temp\ccizGcyb.s 			page 28


DEFINED SYMBOLS
                            *ABS*:00000000 main.c
C:\Users\sammy\AppData\Local\Temp\ccizGcyb.s:21     .text.MX_GPIO_Init:00000000 $t
C:\Users\sammy\AppData\Local\Temp\ccizGcyb.s:26     .text.MX_GPIO_Init:00000000 MX_GPIO_Init
C:\Users\sammy\AppData\Local\Temp\ccizGcyb.s:163    .text.MX_GPIO_Init:0000009c $d
C:\Users\sammy\AppData\Local\Temp\ccizGcyb.s:170    .text.MX_DMA_Init:00000000 $t
C:\Users\sammy\AppData\Local\Temp\ccizGcyb.s:175    .text.MX_DMA_Init:00000000 MX_DMA_Init
C:\Users\sammy\AppData\Local\Temp\ccizGcyb.s:230    .text.MX_DMA_Init:00000040 $d
C:\Users\sammy\AppData\Local\Temp\ccizGcyb.s:235    .text.HAL_DFSDM_FilterRegConvHalfCpltCallback:00000000 $t
C:\Users\sammy\AppData\Local\Temp\ccizGcyb.s:241    .text.HAL_DFSDM_FilterRegConvHalfCpltCallback:00000000 HAL_DFSDM_FilterRegConvHalfCpltCallback
C:\Users\sammy\AppData\Local\Temp\ccizGcyb.s:260    .text.HAL_DFSDM_FilterRegConvHalfCpltCallback:00000008 $d
C:\Users\sammy\AppData\Local\Temp\ccizGcyb.s:778    .bss.DmaRecHalfBuffCplt:00000000 DmaRecHalfBuffCplt
C:\Users\sammy\AppData\Local\Temp\ccizGcyb.s:265    .text.HAL_DFSDM_FilterRegConvCpltCallback:00000000 $t
C:\Users\sammy\AppData\Local\Temp\ccizGcyb.s:271    .text.HAL_DFSDM_FilterRegConvCpltCallback:00000000 HAL_DFSDM_FilterRegConvCpltCallback
C:\Users\sammy\AppData\Local\Temp\ccizGcyb.s:290    .text.HAL_DFSDM_FilterRegConvCpltCallback:00000008 $d
C:\Users\sammy\AppData\Local\Temp\ccizGcyb.s:771    .bss.DmaRecBuffCplt:00000000 DmaRecBuffCplt
C:\Users\sammy\AppData\Local\Temp\ccizGcyb.s:295    .text.Error_Handler:00000000 $t
C:\Users\sammy\AppData\Local\Temp\ccizGcyb.s:301    .text.Error_Handler:00000000 Error_Handler
C:\Users\sammy\AppData\Local\Temp\ccizGcyb.s:343    .text.Error_Handler:00000018 $d
C:\Users\sammy\AppData\Local\Temp\ccizGcyb.s:348    .text.MX_DFSDM1_Init:00000000 $t
C:\Users\sammy\AppData\Local\Temp\ccizGcyb.s:353    .text.MX_DFSDM1_Init:00000000 MX_DFSDM1_Init
C:\Users\sammy\AppData\Local\Temp\ccizGcyb.s:473    .text.MX_DFSDM1_Init:00000068 $d
C:\Users\sammy\AppData\Local\Temp\ccizGcyb.s:813    .bss.hdfsdm1_filter0:00000000 hdfsdm1_filter0
C:\Users\sammy\AppData\Local\Temp\ccizGcyb.s:806    .bss.hdfsdm1_channel2:00000000 hdfsdm1_channel2
C:\Users\sammy\AppData\Local\Temp\ccizGcyb.s:482    .text.MX_USART3_UART_Init:00000000 $t
C:\Users\sammy\AppData\Local\Temp\ccizGcyb.s:487    .text.MX_USART3_UART_Init:00000000 MX_USART3_UART_Init
C:\Users\sammy\AppData\Local\Temp\ccizGcyb.s:547    .text.MX_USART3_UART_Init:00000030 $d
C:\Users\sammy\AppData\Local\Temp\ccizGcyb.s:792    .bss.huart3:00000000 huart3
C:\Users\sammy\AppData\Local\Temp\ccizGcyb.s:553    .text.SystemClock_Config:00000000 $t
C:\Users\sammy\AppData\Local\Temp\ccizGcyb.s:559    .text.SystemClock_Config:00000000 SystemClock_Config
C:\Users\sammy\AppData\Local\Temp\ccizGcyb.s:688    .text.main:00000000 $t
C:\Users\sammy\AppData\Local\Temp\ccizGcyb.s:694    .text.main:00000000 main
C:\Users\sammy\AppData\Local\Temp\ccizGcyb.s:753    .text.main:00000040 $d
C:\Users\sammy\AppData\Local\Temp\ccizGcyb.s:764    .bss.RecBuff:00000000 RecBuff
C:\Users\sammy\AppData\Local\Temp\ccizGcyb.s:761    .bss.RecBuff:00000000 $d
C:\Users\sammy\AppData\Local\Temp\ccizGcyb.s:768    .bss.DmaRecBuffCplt:00000000 $d
C:\Users\sammy\AppData\Local\Temp\ccizGcyb.s:775    .bss.DmaRecHalfBuffCplt:00000000 $d
C:\Users\sammy\AppData\Local\Temp\ccizGcyb.s:785    .bss.hdma_usart3_tx:00000000 hdma_usart3_tx
C:\Users\sammy\AppData\Local\Temp\ccizGcyb.s:782    .bss.hdma_usart3_tx:00000000 $d
C:\Users\sammy\AppData\Local\Temp\ccizGcyb.s:789    .bss.huart3:00000000 $d
C:\Users\sammy\AppData\Local\Temp\ccizGcyb.s:799    .bss.hdma_dfsdm1_flt0:00000000 hdma_dfsdm1_flt0
C:\Users\sammy\AppData\Local\Temp\ccizGcyb.s:796    .bss.hdma_dfsdm1_flt0:00000000 $d
C:\Users\sammy\AppData\Local\Temp\ccizGcyb.s:803    .bss.hdfsdm1_channel2:00000000 $d
C:\Users\sammy\AppData\Local\Temp\ccizGcyb.s:810    .bss.hdfsdm1_filter0:00000000 $d

UNDEFINED SYMBOLS
HAL_GPIO_WritePin
HAL_GPIO_Init
HAL_NVIC_SetPriority
HAL_NVIC_EnableIRQ
HAL_GPIO_TogglePin
HAL_Delay
HAL_DFSDM_FilterInit
HAL_DFSDM_ChannelInit
HAL_DFSDM_FilterConfigRegChannel
HAL_UART_Init
memset
ARM GAS  C:\Users\sammy\AppData\Local\Temp\ccizGcyb.s 			page 29


HAL_PWREx_ControlVoltageScaling
HAL_RCC_OscConfig
HAL_RCC_ClockConfig
HAL_Init
HAL_DFSDM_FilterRegularStart_DMA
